2023-02-03 14:24:45 [::1][-][0t0fg4ipva9q7ab547h7cae4m5][error][yii\base\UnknownPropertyException] yii\base\UnknownPropertyException: Getting unknown property: common\models\LoginForm::username in E:\xampp\htdocs\webDB\vendor\yiisoft\yii2\base\Component.php:154
Stack trace:
#0 E:\xampp\htdocs\webDB\vendor\yiisoft\yii2\helpers\BaseHtml.php(2280): yii\base\Component->__get('username')
#1 E:\xampp\htdocs\webDB\vendor\yiisoft\yii2\helpers\BaseHtml.php(1372): yii\helpers\BaseHtml::getAttributeValue(Object(common\models\LoginForm), 'username')
#2 E:\xampp\htdocs\webDB\vendor\yiisoft\yii2\helpers\BaseHtml.php(1428): yii\helpers\BaseHtml::activeInput('text', Object(common\models\LoginForm), 'username', Array)
#3 E:\xampp\htdocs\webDB\vendor\yiisoft\yii2\widgets\ActiveField.php(407): yii\helpers\BaseHtml::activeTextInput(Object(common\models\LoginForm), 'username', Array)
#4 E:\xampp\htdocs\webDB\backend\views\site\login.php(20): yii\widgets\ActiveField->textInput(Array)
#5 E:\xampp\htdocs\webDB\vendor\yiisoft\yii2\base\View.php(347): require('E:\\xampp\\htdocs...')
#6 E:\xampp\htdocs\webDB\vendor\yiisoft\yii2\base\View.php(257): yii\base\View->renderPhpFile('E:\\xampp\\htdocs...', Array)
#7 E:\xampp\htdocs\webDB\vendor\yiisoft\yii2\base\View.php(156): yii\base\View->renderFile('E:\\xampp\\htdocs...', Array, Object(backend\controllers\SiteController))
#8 E:\xampp\htdocs\webDB\vendor\yiisoft\yii2\base\Controller.php(407): yii\base\View->render('login', Array, Object(backend\controllers\SiteController))
#9 E:\xampp\htdocs\webDB\backend\controllers\SiteController.php(89): yii\base\Controller->render('login', Array)
#10 [internal function]: backend\controllers\SiteController->actionLogin()
#11 E:\xampp\htdocs\webDB\vendor\yiisoft\yii2\base\InlineAction.php(57): call_user_func_array(Array, Array)
#12 E:\xampp\htdocs\webDB\vendor\yiisoft\yii2\base\Controller.php(178): yii\base\InlineAction->runWithParams(Array)
#13 E:\xampp\htdocs\webDB\vendor\yiisoft\yii2\base\Module.php(552): yii\base\Controller->runAction('login', Array)
#14 E:\xampp\htdocs\webDB\vendor\yiisoft\yii2\web\Application.php(103): yii\base\Module->runAction('site/login', Array)
#15 E:\xampp\htdocs\webDB\vendor\yiisoft\yii2\base\Application.php(384): yii\web\Application->handleRequest(Object(yii\web\Request))
#16 E:\xampp\htdocs\webDB\backend\web\index.php(18): yii\base\Application->run()
#17 {main}
2023-02-03 14:24:45 [::1][-][0t0fg4ipva9q7ab547h7cae4m5][info][application] $_GET = [
    'r' => 'site/login'
]

$_POST = []

$_FILES = []

$_COOKIE = [
    '_identity-frontend' => '4718b38e0d9d777d8e9e3e2d582e9a1b64c86c471d3c910c93acc4f7aa7525b0a:2:{i:0;s:18:\"_identity-frontend\";i:1;s:65:\"[\"123456789123456789\",\"Pz80FMEM8VmgG0LYiwG70ZTTNyYh2GCp\",2592000]\";}'
    'advanced-frontend' => 'peuoo3o2o60jklemf96ht7l5vq'
    '_csrf-frontend' => 'c826ce79157ea2cd32782cb479de8a1c977b26e31ea0d766cb70d1dd6de3f58ea:2:{i:0;s:14:\"_csrf-frontend\";i:1;s:32:\"mOe3SxvTibxuoqeP8H7RipOU2El5JIG6\";}'
    'advanced-backend' => '0t0fg4ipva9q7ab547h7cae4m5'
]

$_SESSION = [
    '__flash' => []
    '__returnUrl' => 'http://localhost/backend/web/'
]

$_SERVER = [
    'MIBDIRS' => 'E:/xampp/php/extras/mibs'
    'MYSQL_HOME' => '\\xampp\\mysql\\bin'
    'OPENSSL_CONF' => 'E:/xampp/apache/bin/openssl.cnf'
    'PHP_PEAR_SYSCONF_DIR' => '\\xampp\\php'
    'PHPRC' => '\\xampp\\php'
    'TMP' => '\\xampp\\tmp'
    'HTTP_HOST' => 'localhost'
    'HTTP_CONNECTION' => 'keep-alive'
    'HTTP_UPGRADE_INSECURE_REQUESTS' => '1'
    'HTTP_USER_AGENT' => 'Mozilla/5.0 (Windows NT 10.0; Win64; x64) AppleWebKit/537.36 (KHTML, like Gecko) Chrome/108.0.0.0 Safari/537.36'
    'HTTP_ACCEPT' => 'text/html,application/xhtml+xml,application/xml;q=0.9,image/avif,image/webp,image/apng,*/*;q=0.8,application/signed-exchange;v=b3;q=0.9'
    'HTTP_SEC_FETCH_SITE' => 'none'
    'HTTP_SEC_FETCH_MODE' => 'navigate'
    'HTTP_SEC_FETCH_USER' => '?1'
    'HTTP_SEC_FETCH_DEST' => 'document'
    'HTTP_SEC_CH_UA' => '\"Not?A_Brand\";v=\"8\", \"Chromium\";v=\"108\", \"Google Chrome\";v=\"108\"'
    'HTTP_SEC_CH_UA_MOBILE' => '?0'
    'HTTP_SEC_CH_UA_PLATFORM' => '\"Windows\"'
    'HTTP_ACCEPT_ENCODING' => 'gzip, deflate, br'
    'HTTP_ACCEPT_LANGUAGE' => 'zh-CN,zh;q=0.9'
    'HTTP_COOKIE' => '_identity-frontend=4718b38e0d9d777d8e9e3e2d582e9a1b64c86c471d3c910c93acc4f7aa7525b0a%3A2%3A%7Bi%3A0%3Bs%3A18%3A%22_identity-frontend%22%3Bi%3A1%3Bs%3A65%3A%22%5B%22123456789123456789%22%2C%22Pz80FMEM8VmgG0LYiwG70ZTTNyYh2GCp%22%2C2592000%5D%22%3B%7D; advanced-frontend=peuoo3o2o60jklemf96ht7l5vq; _csrf-frontend=c826ce79157ea2cd32782cb479de8a1c977b26e31ea0d766cb70d1dd6de3f58ea%3A2%3A%7Bi%3A0%3Bs%3A14%3A%22_csrf-frontend%22%3Bi%3A1%3Bs%3A32%3A%22mOe3SxvTibxuoqeP8H7RipOU2El5JIG6%22%3B%7D; advanced-backend=0t0fg4ipva9q7ab547h7cae4m5'
    'PATH' => 'C:\\Windows\\system32;C:\\Windows;C:\\Windows\\System32\\Wbem;C:\\Windows\\System32\\WindowsPowerShell\\v1.0\\;C:\\Windows\\System32\\OpenSSH\\;C:\\Program Files\\dotnet\\;C:\\Program Files\\Git\\cmd;C:\\Program Files\\NVIDIA Corporation\\NVIDIA NvDLISR;C:\\Program Files\\nodejs\\;E:\\xampp\\php;E:\\composer;C:\\Users\\cjn\\AppData\\Local\\Microsoft\\WindowsApps;;E:\\Microsoft VS Code\\bin;C:\\Users\\cjn\\.dotnet\\tools;C:\\Users\\cjn\\AppData\\Roaming\\npm;C:\\Users\\cjn\\AppData\\Roaming\\Composer\\vendor\\bin'
    'SystemRoot' => 'C:\\Windows'
    'COMSPEC' => 'C:\\Windows\\system32\\cmd.exe'
    'PATHEXT' => '.COM;.EXE;.BAT;.CMD;.VBS;.VBE;.JS;.JSE;.WSF;.WSH;.MSC'
    'WINDIR' => 'C:\\Windows'
    'SERVER_SIGNATURE' => '<address>Apache/2.4.54 (Win64) OpenSSL/1.1.1p PHP/8.0.25 Server at localhost Port 80</address>
'
    'SERVER_SOFTWARE' => 'Apache/2.4.54 (Win64) OpenSSL/1.1.1p PHP/8.0.25'
    'SERVER_NAME' => 'localhost'
    'SERVER_ADDR' => '::1'
    'SERVER_PORT' => '80'
    'REMOTE_ADDR' => '::1'
    'DOCUMENT_ROOT' => 'E:/xampp/htdocs/webDB'
    'REQUEST_SCHEME' => 'http'
    'CONTEXT_PREFIX' => ''
    'CONTEXT_DOCUMENT_ROOT' => 'E:/xampp/htdocs/webDB'
    'SERVER_ADMIN' => 'postmaster@localhost'
    'SCRIPT_FILENAME' => 'E:/xampp/htdocs/webDB/backend/web/index.php'
    'REMOTE_PORT' => '61877'
    'GATEWAY_INTERFACE' => 'CGI/1.1'
    'SERVER_PROTOCOL' => 'HTTP/1.1'
    'REQUEST_METHOD' => 'GET'
    'QUERY_STRING' => 'r=site%2Flogin'
    'REQUEST_URI' => '/backend/web/index.php?r=site%2Flogin'
    'SCRIPT_NAME' => '/backend/web/index.php'
    'PHP_SELF' => '/backend/web/index.php'
    'REQUEST_TIME_FLOAT' => 1675430685.2479
    'REQUEST_TIME' => 1675430685
]
2023-02-03 14:25:14 [::1][-][0t0fg4ipva9q7ab547h7cae4m5][error][yii\base\UnknownPropertyException] yii\base\UnknownPropertyException: Getting unknown property: common\models\LoginForm::username in E:\xampp\htdocs\webDB\vendor\yiisoft\yii2\base\Component.php:154
Stack trace:
#0 E:\xampp\htdocs\webDB\vendor\yiisoft\yii2\helpers\BaseHtml.php(2280): yii\base\Component->__get('username')
#1 E:\xampp\htdocs\webDB\vendor\yiisoft\yii2\helpers\BaseHtml.php(1372): yii\helpers\BaseHtml::getAttributeValue(Object(common\models\LoginForm), 'username')
#2 E:\xampp\htdocs\webDB\vendor\yiisoft\yii2\helpers\BaseHtml.php(1428): yii\helpers\BaseHtml::activeInput('text', Object(common\models\LoginForm), 'username', Array)
#3 E:\xampp\htdocs\webDB\vendor\yiisoft\yii2\widgets\ActiveField.php(407): yii\helpers\BaseHtml::activeTextInput(Object(common\models\LoginForm), 'username', Array)
#4 E:\xampp\htdocs\webDB\backend\views\site\login.php(20): yii\widgets\ActiveField->textInput(Array)
#5 E:\xampp\htdocs\webDB\vendor\yiisoft\yii2\base\View.php(347): require('E:\\xampp\\htdocs...')
#6 E:\xampp\htdocs\webDB\vendor\yiisoft\yii2\base\View.php(257): yii\base\View->renderPhpFile('E:\\xampp\\htdocs...', Array)
#7 E:\xampp\htdocs\webDB\vendor\yiisoft\yii2\base\View.php(156): yii\base\View->renderFile('E:\\xampp\\htdocs...', Array, Object(backend\controllers\SiteController))
#8 E:\xampp\htdocs\webDB\vendor\yiisoft\yii2\base\Controller.php(407): yii\base\View->render('login', Array, Object(backend\controllers\SiteController))
#9 E:\xampp\htdocs\webDB\backend\controllers\SiteController.php(89): yii\base\Controller->render('login', Array)
#10 [internal function]: backend\controllers\SiteController->actionLogin()
#11 E:\xampp\htdocs\webDB\vendor\yiisoft\yii2\base\InlineAction.php(57): call_user_func_array(Array, Array)
#12 E:\xampp\htdocs\webDB\vendor\yiisoft\yii2\base\Controller.php(178): yii\base\InlineAction->runWithParams(Array)
#13 E:\xampp\htdocs\webDB\vendor\yiisoft\yii2\base\Module.php(552): yii\base\Controller->runAction('login', Array)
#14 E:\xampp\htdocs\webDB\vendor\yiisoft\yii2\web\Application.php(103): yii\base\Module->runAction('site/login', Array)
#15 E:\xampp\htdocs\webDB\vendor\yiisoft\yii2\base\Application.php(384): yii\web\Application->handleRequest(Object(yii\web\Request))
#16 E:\xampp\htdocs\webDB\backend\web\index.php(18): yii\base\Application->run()
#17 {main}
2023-02-03 14:25:14 [::1][-][0t0fg4ipva9q7ab547h7cae4m5][info][application] $_GET = [
    'r' => 'site/login'
]

$_POST = []

$_FILES = []

$_COOKIE = [
    '_identity-frontend' => '4718b38e0d9d777d8e9e3e2d582e9a1b64c86c471d3c910c93acc4f7aa7525b0a:2:{i:0;s:18:\"_identity-frontend\";i:1;s:65:\"[\"123456789123456789\",\"Pz80FMEM8VmgG0LYiwG70ZTTNyYh2GCp\",2592000]\";}'
    'advanced-frontend' => 'peuoo3o2o60jklemf96ht7l5vq'
    '_csrf-frontend' => 'c826ce79157ea2cd32782cb479de8a1c977b26e31ea0d766cb70d1dd6de3f58ea:2:{i:0;s:14:\"_csrf-frontend\";i:1;s:32:\"mOe3SxvTibxuoqeP8H7RipOU2El5JIG6\";}'
    'advanced-backend' => '0t0fg4ipva9q7ab547h7cae4m5'
]

$_SESSION = [
    '__flash' => []
    '__returnUrl' => 'http://localhost/backend/web/'
]

$_SERVER = [
    'MIBDIRS' => 'E:/xampp/php/extras/mibs'
    'MYSQL_HOME' => '\\xampp\\mysql\\bin'
    'OPENSSL_CONF' => 'E:/xampp/apache/bin/openssl.cnf'
    'PHP_PEAR_SYSCONF_DIR' => '\\xampp\\php'
    'PHPRC' => '\\xampp\\php'
    'TMP' => '\\xampp\\tmp'
    'HTTP_HOST' => 'localhost'
    'HTTP_CONNECTION' => 'keep-alive'
    'HTTP_UPGRADE_INSECURE_REQUESTS' => '1'
    'HTTP_USER_AGENT' => 'Mozilla/5.0 (Windows NT 10.0; Win64; x64) AppleWebKit/537.36 (KHTML, like Gecko) Chrome/108.0.0.0 Safari/537.36'
    'HTTP_ACCEPT' => 'text/html,application/xhtml+xml,application/xml;q=0.9,image/avif,image/webp,image/apng,*/*;q=0.8,application/signed-exchange;v=b3;q=0.9'
    'HTTP_SEC_FETCH_SITE' => 'none'
    'HTTP_SEC_FETCH_MODE' => 'navigate'
    'HTTP_SEC_FETCH_USER' => '?1'
    'HTTP_SEC_FETCH_DEST' => 'document'
    'HTTP_SEC_CH_UA' => '\"Not?A_Brand\";v=\"8\", \"Chromium\";v=\"108\", \"Google Chrome\";v=\"108\"'
    'HTTP_SEC_CH_UA_MOBILE' => '?0'
    'HTTP_SEC_CH_UA_PLATFORM' => '\"Windows\"'
    'HTTP_ACCEPT_ENCODING' => 'gzip, deflate, br'
    'HTTP_ACCEPT_LANGUAGE' => 'zh-CN,zh;q=0.9'
    'HTTP_COOKIE' => '_identity-frontend=4718b38e0d9d777d8e9e3e2d582e9a1b64c86c471d3c910c93acc4f7aa7525b0a%3A2%3A%7Bi%3A0%3Bs%3A18%3A%22_identity-frontend%22%3Bi%3A1%3Bs%3A65%3A%22%5B%22123456789123456789%22%2C%22Pz80FMEM8VmgG0LYiwG70ZTTNyYh2GCp%22%2C2592000%5D%22%3B%7D; advanced-frontend=peuoo3o2o60jklemf96ht7l5vq; _csrf-frontend=c826ce79157ea2cd32782cb479de8a1c977b26e31ea0d766cb70d1dd6de3f58ea%3A2%3A%7Bi%3A0%3Bs%3A14%3A%22_csrf-frontend%22%3Bi%3A1%3Bs%3A32%3A%22mOe3SxvTibxuoqeP8H7RipOU2El5JIG6%22%3B%7D; advanced-backend=0t0fg4ipva9q7ab547h7cae4m5'
    'PATH' => 'C:\\Windows\\system32;C:\\Windows;C:\\Windows\\System32\\Wbem;C:\\Windows\\System32\\WindowsPowerShell\\v1.0\\;C:\\Windows\\System32\\OpenSSH\\;C:\\Program Files\\dotnet\\;C:\\Program Files\\Git\\cmd;C:\\Program Files\\NVIDIA Corporation\\NVIDIA NvDLISR;C:\\Program Files\\nodejs\\;E:\\xampp\\php;E:\\composer;C:\\Users\\cjn\\AppData\\Local\\Microsoft\\WindowsApps;;E:\\Microsoft VS Code\\bin;C:\\Users\\cjn\\.dotnet\\tools;C:\\Users\\cjn\\AppData\\Roaming\\npm;C:\\Users\\cjn\\AppData\\Roaming\\Composer\\vendor\\bin'
    'SystemRoot' => 'C:\\Windows'
    'COMSPEC' => 'C:\\Windows\\system32\\cmd.exe'
    'PATHEXT' => '.COM;.EXE;.BAT;.CMD;.VBS;.VBE;.JS;.JSE;.WSF;.WSH;.MSC'
    'WINDIR' => 'C:\\Windows'
    'SERVER_SIGNATURE' => '<address>Apache/2.4.54 (Win64) OpenSSL/1.1.1p PHP/8.0.25 Server at localhost Port 80</address>
'
    'SERVER_SOFTWARE' => 'Apache/2.4.54 (Win64) OpenSSL/1.1.1p PHP/8.0.25'
    'SERVER_NAME' => 'localhost'
    'SERVER_ADDR' => '::1'
    'SERVER_PORT' => '80'
    'REMOTE_ADDR' => '::1'
    'DOCUMENT_ROOT' => 'E:/xampp/htdocs/webDB'
    'REQUEST_SCHEME' => 'http'
    'CONTEXT_PREFIX' => ''
    'CONTEXT_DOCUMENT_ROOT' => 'E:/xampp/htdocs/webDB'
    'SERVER_ADMIN' => 'postmaster@localhost'
    'SCRIPT_FILENAME' => 'E:/xampp/htdocs/webDB/backend/web/index.php'
    'REMOTE_PORT' => '61901'
    'GATEWAY_INTERFACE' => 'CGI/1.1'
    'SERVER_PROTOCOL' => 'HTTP/1.1'
    'REQUEST_METHOD' => 'GET'
    'QUERY_STRING' => 'r=site%2Flogin'
    'REQUEST_URI' => '/backend/web/index.php?r=site%2Flogin'
    'SCRIPT_NAME' => '/backend/web/index.php'
    'PHP_SELF' => '/backend/web/index.php'
    'REQUEST_TIME_FLOAT' => 1675430714.2793
    'REQUEST_TIME' => 1675430714
]
2023-02-03 14:25:45 [::1][-][0t0fg4ipva9q7ab547h7cae4m5][error][yii\base\UnknownPropertyException] yii\base\UnknownPropertyException: Getting unknown property: common\models\LoginForm::username in E:\xampp\htdocs\webDB\vendor\yiisoft\yii2\base\Component.php:154
Stack trace:
#0 E:\xampp\htdocs\webDB\vendor\yiisoft\yii2\helpers\BaseHtml.php(2280): yii\base\Component->__get('username')
#1 E:\xampp\htdocs\webDB\vendor\yiisoft\yii2\helpers\BaseHtml.php(1372): yii\helpers\BaseHtml::getAttributeValue(Object(common\models\LoginForm), 'username')
#2 E:\xampp\htdocs\webDB\vendor\yiisoft\yii2\helpers\BaseHtml.php(1428): yii\helpers\BaseHtml::activeInput('text', Object(common\models\LoginForm), 'username', Array)
#3 E:\xampp\htdocs\webDB\vendor\yiisoft\yii2\widgets\ActiveField.php(407): yii\helpers\BaseHtml::activeTextInput(Object(common\models\LoginForm), 'username', Array)
#4 E:\xampp\htdocs\webDB\backend\views\site\login.php(20): yii\widgets\ActiveField->textInput(Array)
#5 E:\xampp\htdocs\webDB\vendor\yiisoft\yii2\base\View.php(347): require('E:\\xampp\\htdocs...')
#6 E:\xampp\htdocs\webDB\vendor\yiisoft\yii2\base\View.php(257): yii\base\View->renderPhpFile('E:\\xampp\\htdocs...', Array)
#7 E:\xampp\htdocs\webDB\vendor\yiisoft\yii2\base\View.php(156): yii\base\View->renderFile('E:\\xampp\\htdocs...', Array, Object(backend\controllers\SiteController))
#8 E:\xampp\htdocs\webDB\vendor\yiisoft\yii2\base\Controller.php(407): yii\base\View->render('login', Array, Object(backend\controllers\SiteController))
#9 E:\xampp\htdocs\webDB\backend\controllers\SiteController.php(89): yii\base\Controller->render('login', Array)
#10 [internal function]: backend\controllers\SiteController->actionLogin()
#11 E:\xampp\htdocs\webDB\vendor\yiisoft\yii2\base\InlineAction.php(57): call_user_func_array(Array, Array)
#12 E:\xampp\htdocs\webDB\vendor\yiisoft\yii2\base\Controller.php(178): yii\base\InlineAction->runWithParams(Array)
#13 E:\xampp\htdocs\webDB\vendor\yiisoft\yii2\base\Module.php(552): yii\base\Controller->runAction('login', Array)
#14 E:\xampp\htdocs\webDB\vendor\yiisoft\yii2\web\Application.php(103): yii\base\Module->runAction('site/login', Array)
#15 E:\xampp\htdocs\webDB\vendor\yiisoft\yii2\base\Application.php(384): yii\web\Application->handleRequest(Object(yii\web\Request))
#16 E:\xampp\htdocs\webDB\backend\web\index.php(18): yii\base\Application->run()
#17 {main}
2023-02-03 14:25:45 [::1][-][0t0fg4ipva9q7ab547h7cae4m5][info][application] $_GET = [
    'r' => 'site/login'
]

$_POST = []

$_FILES = []

$_COOKIE = [
    '_csrf-frontend' => 'c826ce79157ea2cd32782cb479de8a1c977b26e31ea0d766cb70d1dd6de3f58ea:2:{i:0;s:14:\"_csrf-frontend\";i:1;s:32:\"mOe3SxvTibxuoqeP8H7RipOU2El5JIG6\";}'
    'advanced-backend' => '0t0fg4ipva9q7ab547h7cae4m5'
    'advanced-frontend' => 'botn7467955k6mpnpibltbh8e7'
]

$_SESSION = [
    '__flash' => []
    '__returnUrl' => 'http://localhost/backend/web/'
]

$_SERVER = [
    'MIBDIRS' => 'E:/xampp/php/extras/mibs'
    'MYSQL_HOME' => '\\xampp\\mysql\\bin'
    'OPENSSL_CONF' => 'E:/xampp/apache/bin/openssl.cnf'
    'PHP_PEAR_SYSCONF_DIR' => '\\xampp\\php'
    'PHPRC' => '\\xampp\\php'
    'TMP' => '\\xampp\\tmp'
    'HTTP_HOST' => 'localhost'
    'HTTP_CONNECTION' => 'keep-alive'
    'HTTP_UPGRADE_INSECURE_REQUESTS' => '1'
    'HTTP_USER_AGENT' => 'Mozilla/5.0 (Windows NT 10.0; Win64; x64) AppleWebKit/537.36 (KHTML, like Gecko) Chrome/108.0.0.0 Safari/537.36'
    'HTTP_ACCEPT' => 'text/html,application/xhtml+xml,application/xml;q=0.9,image/avif,image/webp,image/apng,*/*;q=0.8,application/signed-exchange;v=b3;q=0.9'
    'HTTP_SEC_FETCH_SITE' => 'none'
    'HTTP_SEC_FETCH_MODE' => 'navigate'
    'HTTP_SEC_FETCH_USER' => '?1'
    'HTTP_SEC_FETCH_DEST' => 'document'
    'HTTP_SEC_CH_UA' => '\"Not?A_Brand\";v=\"8\", \"Chromium\";v=\"108\", \"Google Chrome\";v=\"108\"'
    'HTTP_SEC_CH_UA_MOBILE' => '?0'
    'HTTP_SEC_CH_UA_PLATFORM' => '\"Windows\"'
    'HTTP_ACCEPT_ENCODING' => 'gzip, deflate, br'
    'HTTP_ACCEPT_LANGUAGE' => 'zh-CN,zh;q=0.9'
    'HTTP_COOKIE' => '_csrf-frontend=c826ce79157ea2cd32782cb479de8a1c977b26e31ea0d766cb70d1dd6de3f58ea%3A2%3A%7Bi%3A0%3Bs%3A14%3A%22_csrf-frontend%22%3Bi%3A1%3Bs%3A32%3A%22mOe3SxvTibxuoqeP8H7RipOU2El5JIG6%22%3B%7D; advanced-backend=0t0fg4ipva9q7ab547h7cae4m5; advanced-frontend=botn7467955k6mpnpibltbh8e7'
    'PATH' => 'C:\\Windows\\system32;C:\\Windows;C:\\Windows\\System32\\Wbem;C:\\Windows\\System32\\WindowsPowerShell\\v1.0\\;C:\\Windows\\System32\\OpenSSH\\;C:\\Program Files\\dotnet\\;C:\\Program Files\\Git\\cmd;C:\\Program Files\\NVIDIA Corporation\\NVIDIA NvDLISR;C:\\Program Files\\nodejs\\;E:\\xampp\\php;E:\\composer;C:\\Users\\cjn\\AppData\\Local\\Microsoft\\WindowsApps;;E:\\Microsoft VS Code\\bin;C:\\Users\\cjn\\.dotnet\\tools;C:\\Users\\cjn\\AppData\\Roaming\\npm;C:\\Users\\cjn\\AppData\\Roaming\\Composer\\vendor\\bin'
    'SystemRoot' => 'C:\\Windows'
    'COMSPEC' => 'C:\\Windows\\system32\\cmd.exe'
    'PATHEXT' => '.COM;.EXE;.BAT;.CMD;.VBS;.VBE;.JS;.JSE;.WSF;.WSH;.MSC'
    'WINDIR' => 'C:\\Windows'
    'SERVER_SIGNATURE' => '<address>Apache/2.4.54 (Win64) OpenSSL/1.1.1p PHP/8.0.25 Server at localhost Port 80</address>
'
    'SERVER_SOFTWARE' => 'Apache/2.4.54 (Win64) OpenSSL/1.1.1p PHP/8.0.25'
    'SERVER_NAME' => 'localhost'
    'SERVER_ADDR' => '::1'
    'SERVER_PORT' => '80'
    'REMOTE_ADDR' => '::1'
    'DOCUMENT_ROOT' => 'E:/xampp/htdocs/webDB'
    'REQUEST_SCHEME' => 'http'
    'CONTEXT_PREFIX' => ''
    'CONTEXT_DOCUMENT_ROOT' => 'E:/xampp/htdocs/webDB'
    'SERVER_ADMIN' => 'postmaster@localhost'
    'SCRIPT_FILENAME' => 'E:/xampp/htdocs/webDB/backend/web/index.php'
    'REMOTE_PORT' => '61914'
    'GATEWAY_INTERFACE' => 'CGI/1.1'
    'SERVER_PROTOCOL' => 'HTTP/1.1'
    'REQUEST_METHOD' => 'GET'
    'QUERY_STRING' => 'r=site%2Flogin'
    'REQUEST_URI' => '/backend/web/index.php?r=site%2Flogin'
    'SCRIPT_NAME' => '/backend/web/index.php'
    'PHP_SELF' => '/backend/web/index.php'
    'REQUEST_TIME_FLOAT' => 1675430745.4141
    'REQUEST_TIME' => 1675430745
]
2023-02-03 14:26:25 [::1][-][0t0fg4ipva9q7ab547h7cae4m5][error][yii\base\UnknownPropertyException] yii\base\UnknownPropertyException: Getting unknown property: common\models\LoginForm::username in E:\xampp\htdocs\webDB\vendor\yiisoft\yii2\base\Component.php:154
Stack trace:
#0 E:\xampp\htdocs\webDB\vendor\yiisoft\yii2\helpers\BaseHtml.php(2280): yii\base\Component->__get('username')
#1 E:\xampp\htdocs\webDB\vendor\yiisoft\yii2\helpers\BaseHtml.php(1372): yii\helpers\BaseHtml::getAttributeValue(Object(common\models\LoginForm), 'username')
#2 E:\xampp\htdocs\webDB\vendor\yiisoft\yii2\helpers\BaseHtml.php(1428): yii\helpers\BaseHtml::activeInput('text', Object(common\models\LoginForm), 'username', Array)
#3 E:\xampp\htdocs\webDB\vendor\yiisoft\yii2\widgets\ActiveField.php(407): yii\helpers\BaseHtml::activeTextInput(Object(common\models\LoginForm), 'username', Array)
#4 E:\xampp\htdocs\webDB\backend\views\site\login.php(20): yii\widgets\ActiveField->textInput(Array)
#5 E:\xampp\htdocs\webDB\vendor\yiisoft\yii2\base\View.php(347): require('E:\\xampp\\htdocs...')
#6 E:\xampp\htdocs\webDB\vendor\yiisoft\yii2\base\View.php(257): yii\base\View->renderPhpFile('E:\\xampp\\htdocs...', Array)
#7 E:\xampp\htdocs\webDB\vendor\yiisoft\yii2\base\View.php(156): yii\base\View->renderFile('E:\\xampp\\htdocs...', Array, Object(backend\controllers\SiteController))
#8 E:\xampp\htdocs\webDB\vendor\yiisoft\yii2\base\Controller.php(407): yii\base\View->render('login', Array, Object(backend\controllers\SiteController))
#9 E:\xampp\htdocs\webDB\backend\controllers\SiteController.php(89): yii\base\Controller->render('login', Array)
#10 [internal function]: backend\controllers\SiteController->actionLogin()
#11 E:\xampp\htdocs\webDB\vendor\yiisoft\yii2\base\InlineAction.php(57): call_user_func_array(Array, Array)
#12 E:\xampp\htdocs\webDB\vendor\yiisoft\yii2\base\Controller.php(178): yii\base\InlineAction->runWithParams(Array)
#13 E:\xampp\htdocs\webDB\vendor\yiisoft\yii2\base\Module.php(552): yii\base\Controller->runAction('login', Array)
#14 E:\xampp\htdocs\webDB\vendor\yiisoft\yii2\web\Application.php(103): yii\base\Module->runAction('site/login', Array)
#15 E:\xampp\htdocs\webDB\vendor\yiisoft\yii2\base\Application.php(384): yii\web\Application->handleRequest(Object(yii\web\Request))
#16 E:\xampp\htdocs\webDB\backend\web\index.php(18): yii\base\Application->run()
#17 {main}
2023-02-03 14:26:25 [::1][-][0t0fg4ipva9q7ab547h7cae4m5][info][application] $_GET = [
    'r' => 'site/login'
]

$_POST = []

$_FILES = []

$_COOKIE = [
    '_csrf-frontend' => 'c826ce79157ea2cd32782cb479de8a1c977b26e31ea0d766cb70d1dd6de3f58ea:2:{i:0;s:14:\"_csrf-frontend\";i:1;s:32:\"mOe3SxvTibxuoqeP8H7RipOU2El5JIG6\";}'
    'advanced-backend' => '0t0fg4ipva9q7ab547h7cae4m5'
    'advanced-frontend' => 'botn7467955k6mpnpibltbh8e7'
]

$_SESSION = [
    '__flash' => []
    '__returnUrl' => 'http://localhost/backend/web/index.php'
]

$_SERVER = [
    'MIBDIRS' => 'E:/xampp/php/extras/mibs'
    'MYSQL_HOME' => '\\xampp\\mysql\\bin'
    'OPENSSL_CONF' => 'E:/xampp/apache/bin/openssl.cnf'
    'PHP_PEAR_SYSCONF_DIR' => '\\xampp\\php'
    'PHPRC' => '\\xampp\\php'
    'TMP' => '\\xampp\\tmp'
    'HTTP_HOST' => 'localhost'
    'HTTP_CONNECTION' => 'keep-alive'
    'HTTP_UPGRADE_INSECURE_REQUESTS' => '1'
    'HTTP_USER_AGENT' => 'Mozilla/5.0 (Windows NT 10.0; Win64; x64) AppleWebKit/537.36 (KHTML, like Gecko) Chrome/108.0.0.0 Safari/537.36'
    'HTTP_ACCEPT' => 'text/html,application/xhtml+xml,application/xml;q=0.9,image/avif,image/webp,image/apng,*/*;q=0.8,application/signed-exchange;v=b3;q=0.9'
    'HTTP_SEC_FETCH_SITE' => 'none'
    'HTTP_SEC_FETCH_MODE' => 'navigate'
    'HTTP_SEC_FETCH_USER' => '?1'
    'HTTP_SEC_FETCH_DEST' => 'document'
    'HTTP_SEC_CH_UA' => '\"Not?A_Brand\";v=\"8\", \"Chromium\";v=\"108\", \"Google Chrome\";v=\"108\"'
    'HTTP_SEC_CH_UA_MOBILE' => '?0'
    'HTTP_SEC_CH_UA_PLATFORM' => '\"Windows\"'
    'HTTP_ACCEPT_ENCODING' => 'gzip, deflate, br'
    'HTTP_ACCEPT_LANGUAGE' => 'zh-CN,zh;q=0.9'
    'HTTP_COOKIE' => '_csrf-frontend=c826ce79157ea2cd32782cb479de8a1c977b26e31ea0d766cb70d1dd6de3f58ea%3A2%3A%7Bi%3A0%3Bs%3A14%3A%22_csrf-frontend%22%3Bi%3A1%3Bs%3A32%3A%22mOe3SxvTibxuoqeP8H7RipOU2El5JIG6%22%3B%7D; advanced-backend=0t0fg4ipva9q7ab547h7cae4m5; advanced-frontend=botn7467955k6mpnpibltbh8e7'
    'PATH' => 'C:\\Windows\\system32;C:\\Windows;C:\\Windows\\System32\\Wbem;C:\\Windows\\System32\\WindowsPowerShell\\v1.0\\;C:\\Windows\\System32\\OpenSSH\\;C:\\Program Files\\dotnet\\;C:\\Program Files\\Git\\cmd;C:\\Program Files\\NVIDIA Corporation\\NVIDIA NvDLISR;C:\\Program Files\\nodejs\\;E:\\xampp\\php;E:\\composer;C:\\Users\\cjn\\AppData\\Local\\Microsoft\\WindowsApps;;E:\\Microsoft VS Code\\bin;C:\\Users\\cjn\\.dotnet\\tools;C:\\Users\\cjn\\AppData\\Roaming\\npm;C:\\Users\\cjn\\AppData\\Roaming\\Composer\\vendor\\bin'
    'SystemRoot' => 'C:\\Windows'
    'COMSPEC' => 'C:\\Windows\\system32\\cmd.exe'
    'PATHEXT' => '.COM;.EXE;.BAT;.CMD;.VBS;.VBE;.JS;.JSE;.WSF;.WSH;.MSC'
    'WINDIR' => 'C:\\Windows'
    'SERVER_SIGNATURE' => '<address>Apache/2.4.54 (Win64) OpenSSL/1.1.1p PHP/8.0.25 Server at localhost Port 80</address>
'
    'SERVER_SOFTWARE' => 'Apache/2.4.54 (Win64) OpenSSL/1.1.1p PHP/8.0.25'
    'SERVER_NAME' => 'localhost'
    'SERVER_ADDR' => '::1'
    'SERVER_PORT' => '80'
    'REMOTE_ADDR' => '::1'
    'DOCUMENT_ROOT' => 'E:/xampp/htdocs/webDB'
    'REQUEST_SCHEME' => 'http'
    'CONTEXT_PREFIX' => ''
    'CONTEXT_DOCUMENT_ROOT' => 'E:/xampp/htdocs/webDB'
    'SERVER_ADMIN' => 'postmaster@localhost'
    'SCRIPT_FILENAME' => 'E:/xampp/htdocs/webDB/backend/web/index.php'
    'REMOTE_PORT' => '61923'
    'GATEWAY_INTERFACE' => 'CGI/1.1'
    'SERVER_PROTOCOL' => 'HTTP/1.1'
    'REQUEST_METHOD' => 'GET'
    'QUERY_STRING' => 'r=site%2Flogin'
    'REQUEST_URI' => '/backend/web/index.php?r=site%2Flogin'
    'SCRIPT_NAME' => '/backend/web/index.php'
    'PHP_SELF' => '/backend/web/index.php'
    'REQUEST_TIME_FLOAT' => 1675430785.1161
    'REQUEST_TIME' => 1675430785
]
2023-02-03 14:28:37 [::1][-][8mtbnlpucm3osa7t44ij576ip0][error][yii\base\UnknownPropertyException] yii\base\UnknownPropertyException: Getting unknown property: common\models\LoginForm::username in E:\xampp\htdocs\webDB\vendor\yiisoft\yii2\base\Component.php:154
Stack trace:
#0 E:\xampp\htdocs\webDB\vendor\yiisoft\yii2\helpers\BaseHtml.php(2280): yii\base\Component->__get('username')
#1 E:\xampp\htdocs\webDB\vendor\yiisoft\yii2\helpers\BaseHtml.php(1372): yii\helpers\BaseHtml::getAttributeValue(Object(common\models\LoginForm), 'username')
#2 E:\xampp\htdocs\webDB\vendor\yiisoft\yii2\helpers\BaseHtml.php(1428): yii\helpers\BaseHtml::activeInput('text', Object(common\models\LoginForm), 'username', Array)
#3 E:\xampp\htdocs\webDB\vendor\yiisoft\yii2\widgets\ActiveField.php(407): yii\helpers\BaseHtml::activeTextInput(Object(common\models\LoginForm), 'username', Array)
#4 E:\xampp\htdocs\webDB\backend\views\site\login.php(20): yii\widgets\ActiveField->textInput(Array)
#5 E:\xampp\htdocs\webDB\vendor\yiisoft\yii2\base\View.php(347): require('E:\\xampp\\htdocs...')
#6 E:\xampp\htdocs\webDB\vendor\yiisoft\yii2\base\View.php(257): yii\base\View->renderPhpFile('E:\\xampp\\htdocs...', Array)
#7 E:\xampp\htdocs\webDB\vendor\yiisoft\yii2\base\View.php(156): yii\base\View->renderFile('E:\\xampp\\htdocs...', Array, Object(backend\controllers\SiteController))
#8 E:\xampp\htdocs\webDB\vendor\yiisoft\yii2\base\Controller.php(407): yii\base\View->render('login', Array, Object(backend\controllers\SiteController))
#9 E:\xampp\htdocs\webDB\backend\controllers\SiteController.php(89): yii\base\Controller->render('login', Array)
#10 [internal function]: backend\controllers\SiteController->actionLogin()
#11 E:\xampp\htdocs\webDB\vendor\yiisoft\yii2\base\InlineAction.php(57): call_user_func_array(Array, Array)
#12 E:\xampp\htdocs\webDB\vendor\yiisoft\yii2\base\Controller.php(178): yii\base\InlineAction->runWithParams(Array)
#13 E:\xampp\htdocs\webDB\vendor\yiisoft\yii2\base\Module.php(552): yii\base\Controller->runAction('login', Array)
#14 E:\xampp\htdocs\webDB\vendor\yiisoft\yii2\web\Application.php(103): yii\base\Module->runAction('site/login', Array)
#15 E:\xampp\htdocs\webDB\vendor\yiisoft\yii2\base\Application.php(384): yii\web\Application->handleRequest(Object(yii\web\Request))
#16 E:\xampp\htdocs\webDB\backend\web\index.php(18): yii\base\Application->run()
#17 {main}
2023-02-03 14:28:37 [::1][-][8mtbnlpucm3osa7t44ij576ip0][info][application] $_GET = [
    'r' => 'site/login'
]

$_POST = []

$_FILES = []

$_COOKIE = [
    'advanced-backend' => '8mtbnlpucm3osa7t44ij576ip0'
]

$_SESSION = [
    '__flash' => []
    '__returnUrl' => 'http://localhost/backend/web/'
]

$_SERVER = [
    'MIBDIRS' => 'E:/xampp/php/extras/mibs'
    'MYSQL_HOME' => '\\xampp\\mysql\\bin'
    'OPENSSL_CONF' => 'E:/xampp/apache/bin/openssl.cnf'
    'PHP_PEAR_SYSCONF_DIR' => '\\xampp\\php'
    'PHPRC' => '\\xampp\\php'
    'TMP' => '\\xampp\\tmp'
    'HTTP_HOST' => 'localhost'
    'HTTP_CONNECTION' => 'keep-alive'
    'HTTP_UPGRADE_INSECURE_REQUESTS' => '1'
    'HTTP_USER_AGENT' => 'Mozilla/5.0 (Windows NT 10.0; Win64; x64) AppleWebKit/537.36 (KHTML, like Gecko) Chrome/108.0.0.0 Safari/537.36'
    'HTTP_ACCEPT' => 'text/html,application/xhtml+xml,application/xml;q=0.9,image/avif,image/webp,image/apng,*/*;q=0.8,application/signed-exchange;v=b3;q=0.9'
    'HTTP_SEC_FETCH_SITE' => 'none'
    'HTTP_SEC_FETCH_MODE' => 'navigate'
    'HTTP_SEC_FETCH_USER' => '?1'
    'HTTP_SEC_FETCH_DEST' => 'document'
    'HTTP_SEC_CH_UA' => '\"Not?A_Brand\";v=\"8\", \"Chromium\";v=\"108\", \"Google Chrome\";v=\"108\"'
    'HTTP_SEC_CH_UA_MOBILE' => '?0'
    'HTTP_SEC_CH_UA_PLATFORM' => '\"Windows\"'
    'HTTP_ACCEPT_ENCODING' => 'gzip, deflate, br'
    'HTTP_ACCEPT_LANGUAGE' => 'zh-CN,zh;q=0.9'
    'HTTP_COOKIE' => 'advanced-backend=8mtbnlpucm3osa7t44ij576ip0'
    'PATH' => 'C:\\Windows\\system32;C:\\Windows;C:\\Windows\\System32\\Wbem;C:\\Windows\\System32\\WindowsPowerShell\\v1.0\\;C:\\Windows\\System32\\OpenSSH\\;C:\\Program Files\\dotnet\\;C:\\Program Files\\Git\\cmd;C:\\Program Files\\NVIDIA Corporation\\NVIDIA NvDLISR;C:\\Program Files\\nodejs\\;E:\\xampp\\php;E:\\composer;C:\\Users\\cjn\\AppData\\Local\\Microsoft\\WindowsApps;;E:\\Microsoft VS Code\\bin;C:\\Users\\cjn\\.dotnet\\tools;C:\\Users\\cjn\\AppData\\Roaming\\npm;C:\\Users\\cjn\\AppData\\Roaming\\Composer\\vendor\\bin'
    'SystemRoot' => 'C:\\Windows'
    'COMSPEC' => 'C:\\Windows\\system32\\cmd.exe'
    'PATHEXT' => '.COM;.EXE;.BAT;.CMD;.VBS;.VBE;.JS;.JSE;.WSF;.WSH;.MSC'
    'WINDIR' => 'C:\\Windows'
    'SERVER_SIGNATURE' => '<address>Apache/2.4.54 (Win64) OpenSSL/1.1.1p PHP/8.0.25 Server at localhost Port 80</address>
'
    'SERVER_SOFTWARE' => 'Apache/2.4.54 (Win64) OpenSSL/1.1.1p PHP/8.0.25'
    'SERVER_NAME' => 'localhost'
    'SERVER_ADDR' => '::1'
    'SERVER_PORT' => '80'
    'REMOTE_ADDR' => '::1'
    'DOCUMENT_ROOT' => 'E:/xampp/htdocs/webDB'
    'REQUEST_SCHEME' => 'http'
    'CONTEXT_PREFIX' => ''
    'CONTEXT_DOCUMENT_ROOT' => 'E:/xampp/htdocs/webDB'
    'SERVER_ADMIN' => 'postmaster@localhost'
    'SCRIPT_FILENAME' => 'E:/xampp/htdocs/webDB/backend/web/index.php'
    'REMOTE_PORT' => '62032'
    'GATEWAY_INTERFACE' => 'CGI/1.1'
    'SERVER_PROTOCOL' => 'HTTP/1.1'
    'REQUEST_METHOD' => 'GET'
    'QUERY_STRING' => 'r=site%2Flogin'
    'REQUEST_URI' => '/backend/web/index.php?r=site%2Flogin'
    'SCRIPT_NAME' => '/backend/web/index.php'
    'PHP_SELF' => '/backend/web/index.php'
    'REQUEST_TIME_FLOAT' => 1675430917.0824
    'REQUEST_TIME' => 1675430917
]
2023-02-06 15:09:26 [::1][-][rh4n8h636kem7j5ue52acm4s49][error][yii\base\UnknownPropertyException] yii\base\UnknownPropertyException: Getting unknown property: common\models\LoginForm::username in E:\xampp\htdocs\webDB\vendor\yiisoft\yii2\base\Component.php:154
Stack trace:
#0 E:\xampp\htdocs\webDB\vendor\yiisoft\yii2\helpers\BaseHtml.php(2280): yii\base\Component->__get('username')
#1 E:\xampp\htdocs\webDB\vendor\yiisoft\yii2\helpers\BaseHtml.php(1372): yii\helpers\BaseHtml::getAttributeValue(Object(common\models\LoginForm), 'username')
#2 E:\xampp\htdocs\webDB\vendor\yiisoft\yii2\helpers\BaseHtml.php(1428): yii\helpers\BaseHtml::activeInput('text', Object(common\models\LoginForm), 'username', Array)
#3 E:\xampp\htdocs\webDB\vendor\yiisoft\yii2\widgets\ActiveField.php(407): yii\helpers\BaseHtml::activeTextInput(Object(common\models\LoginForm), 'username', Array)
#4 E:\xampp\htdocs\webDB\backend\views\site\login.php(20): yii\widgets\ActiveField->textInput(Array)
#5 E:\xampp\htdocs\webDB\vendor\yiisoft\yii2\base\View.php(347): require('E:\\xampp\\htdocs...')
#6 E:\xampp\htdocs\webDB\vendor\yiisoft\yii2\base\View.php(257): yii\base\View->renderPhpFile('E:\\xampp\\htdocs...', Array)
#7 E:\xampp\htdocs\webDB\vendor\yiisoft\yii2\base\View.php(156): yii\base\View->renderFile('E:\\xampp\\htdocs...', Array, Object(backend\controllers\SiteController))
#8 E:\xampp\htdocs\webDB\vendor\yiisoft\yii2\base\Controller.php(407): yii\base\View->render('login', Array, Object(backend\controllers\SiteController))
#9 E:\xampp\htdocs\webDB\backend\controllers\SiteController.php(89): yii\base\Controller->render('login', Array)
#10 [internal function]: backend\controllers\SiteController->actionLogin()
#11 E:\xampp\htdocs\webDB\vendor\yiisoft\yii2\base\InlineAction.php(57): call_user_func_array(Array, Array)
#12 E:\xampp\htdocs\webDB\vendor\yiisoft\yii2\base\Controller.php(178): yii\base\InlineAction->runWithParams(Array)
#13 E:\xampp\htdocs\webDB\vendor\yiisoft\yii2\base\Module.php(552): yii\base\Controller->runAction('login', Array)
#14 E:\xampp\htdocs\webDB\vendor\yiisoft\yii2\web\Application.php(103): yii\base\Module->runAction('site/login', Array)
#15 E:\xampp\htdocs\webDB\vendor\yiisoft\yii2\base\Application.php(384): yii\web\Application->handleRequest(Object(yii\web\Request))
#16 E:\xampp\htdocs\webDB\backend\web\index.php(18): yii\base\Application->run()
#17 {main}
2023-02-06 15:09:26 [::1][-][rh4n8h636kem7j5ue52acm4s49][info][application] $_GET = [
    'r' => 'site/login'
]

$_POST = []

$_FILES = []

$_COOKIE = [
    'advanced-backend' => 'rh4n8h636kem7j5ue52acm4s49'
]

$_SESSION = [
    '__flash' => []
    '__returnUrl' => 'http://localhost/backend/web/'
]

$_SERVER = [
    'MIBDIRS' => 'E:/xampp/php/extras/mibs'
    'MYSQL_HOME' => '\\xampp\\mysql\\bin'
    'OPENSSL_CONF' => 'E:/xampp/apache/bin/openssl.cnf'
    'PHP_PEAR_SYSCONF_DIR' => '\\xampp\\php'
    'PHPRC' => '\\xampp\\php'
    'TMP' => '\\xampp\\tmp'
    'HTTP_HOST' => 'localhost'
    'HTTP_CONNECTION' => 'keep-alive'
    'HTTP_UPGRADE_INSECURE_REQUESTS' => '1'
    'HTTP_USER_AGENT' => 'Mozilla/5.0 (Windows NT 10.0; Win64; x64) AppleWebKit/537.36 (KHTML, like Gecko) Chrome/108.0.0.0 Safari/537.36'
    'HTTP_ACCEPT' => 'text/html,application/xhtml+xml,application/xml;q=0.9,image/avif,image/webp,image/apng,*/*;q=0.8,application/signed-exchange;v=b3;q=0.9'
    'HTTP_SEC_FETCH_SITE' => 'none'
    'HTTP_SEC_FETCH_MODE' => 'navigate'
    'HTTP_SEC_FETCH_USER' => '?1'
    'HTTP_SEC_FETCH_DEST' => 'document'
    'HTTP_SEC_CH_UA' => '\"Not?A_Brand\";v=\"8\", \"Chromium\";v=\"108\", \"Google Chrome\";v=\"108\"'
    'HTTP_SEC_CH_UA_MOBILE' => '?0'
    'HTTP_SEC_CH_UA_PLATFORM' => '\"Windows\"'
    'HTTP_ACCEPT_ENCODING' => 'gzip, deflate, br'
    'HTTP_ACCEPT_LANGUAGE' => 'zh-CN,zh;q=0.9'
    'HTTP_COOKIE' => 'advanced-backend=rh4n8h636kem7j5ue52acm4s49'
    'PATH' => 'C:\\Windows\\system32;C:\\Windows;C:\\Windows\\System32\\Wbem;C:\\Windows\\System32\\WindowsPowerShell\\v1.0\\;C:\\Windows\\System32\\OpenSSH\\;C:\\Program Files\\dotnet\\;C:\\Program Files\\Git\\cmd;C:\\Program Files\\NVIDIA Corporation\\NVIDIA NvDLISR;C:\\Program Files\\nodejs\\;E:\\xampp\\php;E:\\composer;C:\\Users\\cjn\\AppData\\Local\\Microsoft\\WindowsApps;;E:\\Microsoft VS Code\\bin;C:\\Users\\cjn\\.dotnet\\tools;C:\\Users\\cjn\\AppData\\Roaming\\npm;C:\\Users\\cjn\\AppData\\Roaming\\Composer\\vendor\\bin'
    'SystemRoot' => 'C:\\Windows'
    'COMSPEC' => 'C:\\Windows\\system32\\cmd.exe'
    'PATHEXT' => '.COM;.EXE;.BAT;.CMD;.VBS;.VBE;.JS;.JSE;.WSF;.WSH;.MSC'
    'WINDIR' => 'C:\\Windows'
    'SERVER_SIGNATURE' => '<address>Apache/2.4.54 (Win64) OpenSSL/1.1.1p PHP/8.0.25 Server at localhost Port 80</address>
'
    'SERVER_SOFTWARE' => 'Apache/2.4.54 (Win64) OpenSSL/1.1.1p PHP/8.0.25'
    'SERVER_NAME' => 'localhost'
    'SERVER_ADDR' => '::1'
    'SERVER_PORT' => '80'
    'REMOTE_ADDR' => '::1'
    'DOCUMENT_ROOT' => 'E:/xampp/htdocs/webDB'
    'REQUEST_SCHEME' => 'http'
    'CONTEXT_PREFIX' => ''
    'CONTEXT_DOCUMENT_ROOT' => 'E:/xampp/htdocs/webDB'
    'SERVER_ADMIN' => 'postmaster@localhost'
    'SCRIPT_FILENAME' => 'E:/xampp/htdocs/webDB/backend/web/index.php'
    'REMOTE_PORT' => '52109'
    'GATEWAY_INTERFACE' => 'CGI/1.1'
    'SERVER_PROTOCOL' => 'HTTP/1.1'
    'REQUEST_METHOD' => 'GET'
    'QUERY_STRING' => 'r=site%2Flogin'
    'REQUEST_URI' => '/backend/web/index.php?r=site%2Flogin'
    'SCRIPT_NAME' => '/backend/web/index.php'
    'PHP_SELF' => '/backend/web/index.php'
    'REQUEST_TIME_FLOAT' => 1675692566.7885
    'REQUEST_TIME' => 1675692566
]
