2023-02-11 04:41:41 [::1][-][-][error][yii\web\HttpException:404] yii\base\InvalidRouteException: Unable to resolve the request "". in C:\xampp\htdocs\Yii\advanced\webDB\vendor\yiisoft\yii2\base\Module.php:561
Stack trace:
#0 C:\xampp\htdocs\Yii\advanced\webDB\vendor\yiisoft\yii2\web\Application.php(103): yii\base\Module->runAction('', Array)
#1 C:\xampp\htdocs\Yii\advanced\webDB\vendor\yiisoft\yii2\base\Application.php(384): yii\web\Application->handleRequest(Object(yii\web\Request))
#2 C:\xampp\htdocs\Yii\advanced\webDB\frontend\web\index.php(18): yii\base\Application->run()
#3 {main}

Next yii\web\NotFoundHttpException: Page not found. in C:\xampp\htdocs\Yii\advanced\webDB\vendor\yiisoft\yii2\web\Application.php:115
Stack trace:
#0 C:\xampp\htdocs\Yii\advanced\webDB\vendor\yiisoft\yii2\base\Application.php(384): yii\web\Application->handleRequest(Object(yii\web\Request))
#1 C:\xampp\htdocs\Yii\advanced\webDB\frontend\web\index.php(18): yii\base\Application->run()
#2 {main}
2023-02-11 04:41:41 [::1][-][-][info][application] $_GET = []

$_POST = []

$_FILES = []

$_COOKIE = [
    'Pycharm-a1a598e2' => '7cdbba08-9ef7-4e18-a9af-25f24e5a2543'
    'advanced-backend' => '0anugqfnahfsgh7ojcav4qpl15'
    '_csrf-backend' => '5a0c978518bfe180a855546eb78ada4dd09922ffc2a1ea62782aaaaff7b94889a:2:{i:0;s:13:\"_csrf-backend\";i:1;s:32:\"PGOc2GcVDdnAOBF9mz-boeMt0dElzH-D\";}'
]

$_SERVER = [
    'MIBDIRS' => 'C:/xampp/php/extras/mibs'
    'MYSQL_HOME' => '\\xampp\\mysql\\bin'
    'OPENSSL_CONF' => 'C:/xampp/apache/bin/openssl.cnf'
    'PHP_PEAR_SYSCONF_DIR' => '\\xampp\\php'
    'PHPRC' => '\\xampp\\php'
    'TMP' => '\\xampp\\tmp'
    'HTTP_HOST' => 'localhost:8090'
    'HTTP_CONNECTION' => 'keep-alive'
    'HTTP_CACHE_CONTROL' => 'max-age=0'
    'HTTP_SEC_CH_UA' => '\"Not?A_Brand\";v=\"8\", \"Chromium\";v=\"108\", \"Google Chrome\";v=\"108\"'
    'HTTP_SEC_CH_UA_MOBILE' => '?0'
    'HTTP_SEC_CH_UA_PLATFORM' => '\"Windows\"'
    'HTTP_UPGRADE_INSECURE_REQUESTS' => '1'
    'HTTP_USER_AGENT' => 'Mozilla/5.0 (Windows NT 10.0; Win64; x64) AppleWebKit/537.36 (KHTML, like Gecko) Chrome/108.0.0.0 Safari/537.36'
    'HTTP_ACCEPT' => 'text/html,application/xhtml+xml,application/xml;q=0.9,image/avif,image/webp,image/apng,*/*;q=0.8,application/signed-exchange;v=b3;q=0.9'
    'HTTP_SEC_FETCH_SITE' => 'same-origin'
    'HTTP_SEC_FETCH_MODE' => 'navigate'
    'HTTP_SEC_FETCH_USER' => '?1'
    'HTTP_SEC_FETCH_DEST' => 'document'
    'HTTP_REFERER' => 'http://localhost:8090/advanced/webDB/frontend/'
    'HTTP_ACCEPT_ENCODING' => 'gzip, deflate, br'
    'HTTP_ACCEPT_LANGUAGE' => 'zh-CN,zh;q=0.9'
    'HTTP_COOKIE' => 'Pycharm-a1a598e2=7cdbba08-9ef7-4e18-a9af-25f24e5a2543; advanced-backend=0anugqfnahfsgh7ojcav4qpl15; _csrf-backend=5a0c978518bfe180a855546eb78ada4dd09922ffc2a1ea62782aaaaff7b94889a%3A2%3A%7Bi%3A0%3Bs%3A13%3A%22_csrf-backend%22%3Bi%3A1%3Bs%3A32%3A%22PGOc2GcVDdnAOBF9mz-boeMt0dElzH-D%22%3B%7D'
    'PATH' => 'E:\\Anaconda_;E:\\Anaconda_\\Library\\mingw-w64\\bin;E:\\Anaconda_\\Library\\usr\\bin;E:\\Anaconda_\\Library\\bin;E:\\Anaconda_\\Scripts;C:\\Program Files\\Microsoft MPI\\Bin\\;E:\\NKU\\tools\\apache-maven-3.6.1\\bin;E:\\NKU\\data\\hadoop\\windows\\hadoop-3.1.0\\bin;D:\\java\\jdk1.8\\bin;D:\\java\\jdk1.8-jre\\bin;D:\\TDM-GCC-64\\TDM-GCC-64\\bin;D:\\TDM-GCC\\bin;C:\\Strawberry\\perl\\site\\bin;C:\\Strawberry\\perl\\bin;C:\\Strawberry\\c\\bin;C:\\Program Files (x86)\\VMware\\VMware Workstation\\bin\\;C:\\Program Files\\Common Files\\Oracle\\Java\\javapath;C:\\Program Files (x86)\\Common Files\\Oracle\\Java\\javapath;C:\\Program Files\\NVIDIA GPU Computing Toolkit\\CUDA\\v11.5\\bin;C:\\Program Files\\NVIDIA GPU Computing Toolkit\\CUDA\\v11.5\\libnvvp;C:\\Windows\\system32;C:\\Windows;C:\\Windows\\System32\\Wbem;C:\\Windows\\System32\\WindowsPowerShell\\v1.0\\;C:\\Windows\\System32\\OpenSSH\\;C:\\Program Files (x86)\\NVIDIA Corporation\\PhysX\\Common;C:\\Program Files\\NVIDIA Corporation\\NVIDIA NvDLISR;D:\\Program Files\\MATLAB\\R2016b\\runtime\\win64;D:\\Program Files\\MATLAB\\R2016b\\bin;D:\\Program Files\\MATLAB\\R2016b\\polyspace\\bin;C:\\WINDOWS\\system32;C:\\WINDOWS;C:\\WINDOWS\\System32\\Wbem;C:\\WINDOWS\\System32\\WindowsPowerShell\\v1.0\\;C:\\WINDOWS\\System32\\OpenSSH\\;D:\\anaconda;D:\\anaconda\\Scripts;D:\\anaconda\\Library\\bin;D:\\anaconda\\Library\\mingw-w64\\bin;D:\\Python;C:\\Program Files\\NVIDIA Corporation\\Nsight Compute 2021.3.0\\;C:\\Program Files (x86)\\NetSarang\\Xshell 7\\;C:\\Program Files\\Git\\cmd;D:\\java\\bin;C:\\Program Files (x86)\\ZeroTier\\One\\;C:\\xampp\\php;C:\\composer;C:\\Program Files\\MySQL\\MySQL Shell 8.0\\bin\\;C:\\Users\\dingyanfeng\\AppData\\Local\\Microsoft\\WindowsApps;;D:\\VScode\\Microsoft VS Code\\bin;D:\\pycharm\\PyCharm Community Edition 2021.2.2\\bin;;C:\\Users\\dingyanfeng\\AppData\\Roaming\\Composer\\vendor\\bin'
    'SystemRoot' => 'C:\\WINDOWS'
    'COMSPEC' => 'C:\\WINDOWS\\system32\\cmd.exe'
    'PATHEXT' => '.COM;.EXE;.BAT;.CMD;.VBS;.VBE;.JS;.JSE;.WSF;.WSH;.MSC'
    'WINDIR' => 'C:\\WINDOWS'
    'SERVER_SIGNATURE' => '<address>Apache/2.4.54 (Win64) OpenSSL/1.1.1p PHP/8.1.12 Server at localhost Port 8090</address>
'
    'SERVER_SOFTWARE' => 'Apache/2.4.54 (Win64) OpenSSL/1.1.1p PHP/8.1.12'
    'SERVER_NAME' => 'localhost'
    'SERVER_ADDR' => '::1'
    'SERVER_PORT' => '8090'
    'REMOTE_ADDR' => '::1'
    'DOCUMENT_ROOT' => 'C:/xampp/htdocs/Yii'
    'REQUEST_SCHEME' => 'http'
    'CONTEXT_PREFIX' => ''
    'CONTEXT_DOCUMENT_ROOT' => 'C:/xampp/htdocs/Yii'
    'SERVER_ADMIN' => 'postmaster@localhost'
    'SCRIPT_FILENAME' => 'C:/xampp/htdocs/Yii/advanced/webDB/frontend/web/index.php'
    'REMOTE_PORT' => '56520'
    'GATEWAY_INTERFACE' => 'CGI/1.1'
    'SERVER_PROTOCOL' => 'HTTP/1.1'
    'REQUEST_METHOD' => 'GET'
    'QUERY_STRING' => ''
    'REQUEST_URI' => '/advanced/webDB/frontend/web/'
    'SCRIPT_NAME' => '/advanced/webDB/frontend/web/index.php'
    'PHP_SELF' => '/advanced/webDB/frontend/web/index.php'
    'REQUEST_TIME_FLOAT' => 1676086901.8023
    'REQUEST_TIME' => 1676086901
]
2023-02-11 04:52:03 [::1][-][-][error][yii\base\InvalidConfigException] yii\base\InvalidConfigException: The table does not exist: {{%news}} in C:\xampp\htdocs\Yii\advanced\webDB\vendor\yiisoft\yii2\db\ActiveRecord.php:442
Stack trace:
#0 C:\xampp\htdocs\Yii\advanced\webDB\vendor\yiisoft\yii2\db\ActiveRecord.php(266): yii\db\ActiveRecord::getTableSchema()
#1 C:\xampp\htdocs\Yii\advanced\webDB\vendor\yiisoft\yii2\db\ActiveRecord.php(238): yii\db\ActiveRecord::filterValidColumnNames(Object(yii\db\Connection), Array)
#2 C:\xampp\htdocs\Yii\advanced\webDB\vendor\yiisoft\yii2\db\ActiveRecord.php(195): yii\db\ActiveRecord::filterCondition(Array, Array)
#3 C:\xampp\htdocs\Yii\advanced\webDB\vendor\yiisoft\yii2\db\BaseActiveRecord.php(119): yii\db\ActiveRecord::findByCondition(Array)
#4 C:\xampp\htdocs\Yii\advanced\webDB\frontend\views\site\site1.php(17): yii\db\BaseActiveRecord::findAll(Array)
#5 C:\xampp\htdocs\Yii\advanced\webDB\vendor\yiisoft\yii2\base\View.php(347): require('C:\\xampp\\htdocs...')
#6 C:\xampp\htdocs\Yii\advanced\webDB\vendor\yiisoft\yii2\base\View.php(257): yii\base\View->renderPhpFile('C:\\xampp\\htdocs...', Array)
#7 C:\xampp\htdocs\Yii\advanced\webDB\vendor\yiisoft\yii2\base\View.php(156): yii\base\View->renderFile('C:\\xampp\\htdocs...', Array, Object(frontend\controllers\SiteController))
#8 C:\xampp\htdocs\Yii\advanced\webDB\vendor\yiisoft\yii2\base\Controller.php(407): yii\base\View->render('site1', Array, Object(frontend\controllers\SiteController))
#9 C:\xampp\htdocs\Yii\advanced\webDB\frontend\controllers\SiteController.php(297): yii\base\Controller->render('site1')
#10 [internal function]: frontend\controllers\SiteController->actionSite1()
#11 C:\xampp\htdocs\Yii\advanced\webDB\vendor\yiisoft\yii2\base\InlineAction.php(57): call_user_func_array(Array, Array)
#12 C:\xampp\htdocs\Yii\advanced\webDB\vendor\yiisoft\yii2\base\Controller.php(178): yii\base\InlineAction->runWithParams(Array)
#13 C:\xampp\htdocs\Yii\advanced\webDB\vendor\yiisoft\yii2\base\Module.php(552): yii\base\Controller->runAction('site1', Array)
#14 C:\xampp\htdocs\Yii\advanced\webDB\vendor\yiisoft\yii2\web\Application.php(103): yii\base\Module->runAction('site/site1', Array)
#15 C:\xampp\htdocs\Yii\advanced\webDB\vendor\yiisoft\yii2\base\Application.php(384): yii\web\Application->handleRequest(Object(yii\web\Request))
#16 C:\xampp\htdocs\Yii\advanced\webDB\frontend\web\index.php(18): yii\base\Application->run()
#17 {main}
2023-02-11 04:52:03 [::1][-][-][info][application] $_GET = [
    'r' => 'site/site1'
]

$_POST = []

$_FILES = []

$_COOKIE = [
    'Pycharm-a1a598e2' => '7cdbba08-9ef7-4e18-a9af-25f24e5a2543'
    'advanced-backend' => '0anugqfnahfsgh7ojcav4qpl15'
    '_csrf-backend' => '5a0c978518bfe180a855546eb78ada4dd09922ffc2a1ea62782aaaaff7b94889a:2:{i:0;s:13:\"_csrf-backend\";i:1;s:32:\"PGOc2GcVDdnAOBF9mz-boeMt0dElzH-D\";}'
    '_csrf-frontend' => 'f527a5b76f38246d8f2d204332ec9bc69a3eb4b529fc02f68efbe26495bf7e3ca:2:{i:0;s:14:\"_csrf-frontend\";i:1;s:32:\"UWiWZjf9ZePvEjBQ04ShmQ2YQRDxwYDO\";}'
]

$_SERVER = [
    'MIBDIRS' => 'C:/xampp/php/extras/mibs'
    'MYSQL_HOME' => '\\xampp\\mysql\\bin'
    'OPENSSL_CONF' => 'C:/xampp/apache/bin/openssl.cnf'
    'PHP_PEAR_SYSCONF_DIR' => '\\xampp\\php'
    'PHPRC' => '\\xampp\\php'
    'TMP' => '\\xampp\\tmp'
    'HTTP_HOST' => 'localhost:8090'
    'HTTP_CONNECTION' => 'keep-alive'
    'HTTP_SEC_CH_UA' => '\"Not?A_Brand\";v=\"8\", \"Chromium\";v=\"108\", \"Google Chrome\";v=\"108\"'
    'HTTP_SEC_CH_UA_MOBILE' => '?0'
    'HTTP_SEC_CH_UA_PLATFORM' => '\"Windows\"'
    'HTTP_UPGRADE_INSECURE_REQUESTS' => '1'
    'HTTP_USER_AGENT' => 'Mozilla/5.0 (Windows NT 10.0; Win64; x64) AppleWebKit/537.36 (KHTML, like Gecko) Chrome/108.0.0.0 Safari/537.36'
    'HTTP_ACCEPT' => 'text/html,application/xhtml+xml,application/xml;q=0.9,image/avif,image/webp,image/apng,*/*;q=0.8,application/signed-exchange;v=b3;q=0.9'
    'HTTP_SEC_FETCH_SITE' => 'same-origin'
    'HTTP_SEC_FETCH_MODE' => 'navigate'
    'HTTP_SEC_FETCH_USER' => '?1'
    'HTTP_SEC_FETCH_DEST' => 'document'
    'HTTP_REFERER' => 'http://localhost:8090/advanced/webDB/frontend/web/index.php?r=site%2Fnews'
    'HTTP_ACCEPT_ENCODING' => 'gzip, deflate, br'
    'HTTP_ACCEPT_LANGUAGE' => 'zh-CN,zh;q=0.9'
    'HTTP_COOKIE' => 'Pycharm-a1a598e2=7cdbba08-9ef7-4e18-a9af-25f24e5a2543; advanced-backend=0anugqfnahfsgh7ojcav4qpl15; _csrf-backend=5a0c978518bfe180a855546eb78ada4dd09922ffc2a1ea62782aaaaff7b94889a%3A2%3A%7Bi%3A0%3Bs%3A13%3A%22_csrf-backend%22%3Bi%3A1%3Bs%3A32%3A%22PGOc2GcVDdnAOBF9mz-boeMt0dElzH-D%22%3B%7D; _csrf-frontend=f527a5b76f38246d8f2d204332ec9bc69a3eb4b529fc02f68efbe26495bf7e3ca%3A2%3A%7Bi%3A0%3Bs%3A14%3A%22_csrf-frontend%22%3Bi%3A1%3Bs%3A32%3A%22UWiWZjf9ZePvEjBQ04ShmQ2YQRDxwYDO%22%3B%7D'
    'PATH' => 'E:\\Anaconda_;E:\\Anaconda_\\Library\\mingw-w64\\bin;E:\\Anaconda_\\Library\\usr\\bin;E:\\Anaconda_\\Library\\bin;E:\\Anaconda_\\Scripts;C:\\Program Files\\Microsoft MPI\\Bin\\;E:\\NKU\\tools\\apache-maven-3.6.1\\bin;E:\\NKU\\data\\hadoop\\windows\\hadoop-3.1.0\\bin;D:\\java\\jdk1.8\\bin;D:\\java\\jdk1.8-jre\\bin;D:\\TDM-GCC-64\\TDM-GCC-64\\bin;D:\\TDM-GCC\\bin;C:\\Strawberry\\perl\\site\\bin;C:\\Strawberry\\perl\\bin;C:\\Strawberry\\c\\bin;C:\\Program Files (x86)\\VMware\\VMware Workstation\\bin\\;C:\\Program Files\\Common Files\\Oracle\\Java\\javapath;C:\\Program Files (x86)\\Common Files\\Oracle\\Java\\javapath;C:\\Program Files\\NVIDIA GPU Computing Toolkit\\CUDA\\v11.5\\bin;C:\\Program Files\\NVIDIA GPU Computing Toolkit\\CUDA\\v11.5\\libnvvp;C:\\Windows\\system32;C:\\Windows;C:\\Windows\\System32\\Wbem;C:\\Windows\\System32\\WindowsPowerShell\\v1.0\\;C:\\Windows\\System32\\OpenSSH\\;C:\\Program Files (x86)\\NVIDIA Corporation\\PhysX\\Common;C:\\Program Files\\NVIDIA Corporation\\NVIDIA NvDLISR;D:\\Program Files\\MATLAB\\R2016b\\runtime\\win64;D:\\Program Files\\MATLAB\\R2016b\\bin;D:\\Program Files\\MATLAB\\R2016b\\polyspace\\bin;C:\\WINDOWS\\system32;C:\\WINDOWS;C:\\WINDOWS\\System32\\Wbem;C:\\WINDOWS\\System32\\WindowsPowerShell\\v1.0\\;C:\\WINDOWS\\System32\\OpenSSH\\;D:\\anaconda;D:\\anaconda\\Scripts;D:\\anaconda\\Library\\bin;D:\\anaconda\\Library\\mingw-w64\\bin;D:\\Python;C:\\Program Files\\NVIDIA Corporation\\Nsight Compute 2021.3.0\\;C:\\Program Files (x86)\\NetSarang\\Xshell 7\\;C:\\Program Files\\Git\\cmd;D:\\java\\bin;C:\\Program Files (x86)\\ZeroTier\\One\\;C:\\xampp\\php;C:\\composer;C:\\Program Files\\MySQL\\MySQL Shell 8.0\\bin\\;C:\\Users\\dingyanfeng\\AppData\\Local\\Microsoft\\WindowsApps;;D:\\VScode\\Microsoft VS Code\\bin;D:\\pycharm\\PyCharm Community Edition 2021.2.2\\bin;;C:\\Users\\dingyanfeng\\AppData\\Roaming\\Composer\\vendor\\bin'
    'SystemRoot' => 'C:\\WINDOWS'
    'COMSPEC' => 'C:\\WINDOWS\\system32\\cmd.exe'
    'PATHEXT' => '.COM;.EXE;.BAT;.CMD;.VBS;.VBE;.JS;.JSE;.WSF;.WSH;.MSC'
    'WINDIR' => 'C:\\WINDOWS'
    'SERVER_SIGNATURE' => '<address>Apache/2.4.54 (Win64) OpenSSL/1.1.1p PHP/8.1.12 Server at localhost Port 8090</address>
'
    'SERVER_SOFTWARE' => 'Apache/2.4.54 (Win64) OpenSSL/1.1.1p PHP/8.1.12'
    'SERVER_NAME' => 'localhost'
    'SERVER_ADDR' => '::1'
    'SERVER_PORT' => '8090'
    'REMOTE_ADDR' => '::1'
    'DOCUMENT_ROOT' => 'C:/xampp/htdocs/Yii'
    'REQUEST_SCHEME' => 'http'
    'CONTEXT_PREFIX' => ''
    'CONTEXT_DOCUMENT_ROOT' => 'C:/xampp/htdocs/Yii'
    'SERVER_ADMIN' => 'postmaster@localhost'
    'SCRIPT_FILENAME' => 'C:/xampp/htdocs/Yii/advanced/webDB/frontend/web/index.php'
    'REMOTE_PORT' => '56961'
    'GATEWAY_INTERFACE' => 'CGI/1.1'
    'SERVER_PROTOCOL' => 'HTTP/1.1'
    'REQUEST_METHOD' => 'GET'
    'QUERY_STRING' => 'r=site%2Fsite1'
    'REQUEST_URI' => '/advanced/webDB/frontend/web/index.php?r=site%2Fsite1'
    'SCRIPT_NAME' => '/advanced/webDB/frontend/web/index.php'
    'PHP_SELF' => '/advanced/webDB/frontend/web/index.php'
    'REQUEST_TIME_FLOAT' => 1676087523.8047
    'REQUEST_TIME' => 1676087523
]
2023-02-11 05:03:08 [::1][-][-][error][yii\web\HttpException:404] yii\base\InvalidRouteException: Unable to resolve the request "". in C:\xampp\htdocs\Yii\advanced\webDB\vendor\yiisoft\yii2\base\Module.php:561
Stack trace:
#0 C:\xampp\htdocs\Yii\advanced\webDB\vendor\yiisoft\yii2\web\Application.php(103): yii\base\Module->runAction('', Array)
#1 C:\xampp\htdocs\Yii\advanced\webDB\vendor\yiisoft\yii2\base\Application.php(384): yii\web\Application->handleRequest(Object(yii\web\Request))
#2 C:\xampp\htdocs\Yii\advanced\webDB\frontend\web\index.php(18): yii\base\Application->run()
#3 {main}

Next yii\web\NotFoundHttpException: Page not found. in C:\xampp\htdocs\Yii\advanced\webDB\vendor\yiisoft\yii2\web\Application.php:115
Stack trace:
#0 C:\xampp\htdocs\Yii\advanced\webDB\vendor\yiisoft\yii2\base\Application.php(384): yii\web\Application->handleRequest(Object(yii\web\Request))
#1 C:\xampp\htdocs\Yii\advanced\webDB\frontend\web\index.php(18): yii\base\Application->run()
#2 {main}
2023-02-11 05:03:08 [::1][-][-][info][application] $_GET = []

$_POST = []

$_FILES = []

$_COOKIE = [
    'Pycharm-a1a598e2' => '7cdbba08-9ef7-4e18-a9af-25f24e5a2543'
    'advanced-backend' => '0anugqfnahfsgh7ojcav4qpl15'
    '_csrf-backend' => '5a0c978518bfe180a855546eb78ada4dd09922ffc2a1ea62782aaaaff7b94889a:2:{i:0;s:13:\"_csrf-backend\";i:1;s:32:\"PGOc2GcVDdnAOBF9mz-boeMt0dElzH-D\";}'
    '_csrf-frontend' => 'f527a5b76f38246d8f2d204332ec9bc69a3eb4b529fc02f68efbe26495bf7e3ca:2:{i:0;s:14:\"_csrf-frontend\";i:1;s:32:\"UWiWZjf9ZePvEjBQ04ShmQ2YQRDxwYDO\";}'
]

$_SERVER = [
    'MIBDIRS' => 'C:/xampp/php/extras/mibs'
    'MYSQL_HOME' => '\\xampp\\mysql\\bin'
    'OPENSSL_CONF' => 'C:/xampp/apache/bin/openssl.cnf'
    'PHP_PEAR_SYSCONF_DIR' => '\\xampp\\php'
    'PHPRC' => '\\xampp\\php'
    'TMP' => '\\xampp\\tmp'
    'HTTP_HOST' => 'localhost:8090'
    'HTTP_CONNECTION' => 'keep-alive'
    'HTTP_UPGRADE_INSECURE_REQUESTS' => '1'
    'HTTP_USER_AGENT' => 'Mozilla/5.0 (Windows NT 10.0; Win64; x64) AppleWebKit/537.36 (KHTML, like Gecko) Chrome/108.0.0.0 Safari/537.36'
    'HTTP_ACCEPT' => 'text/html,application/xhtml+xml,application/xml;q=0.9,image/avif,image/webp,image/apng,*/*;q=0.8,application/signed-exchange;v=b3;q=0.9'
    'HTTP_SEC_FETCH_SITE' => 'same-origin'
    'HTTP_SEC_FETCH_MODE' => 'navigate'
    'HTTP_SEC_FETCH_USER' => '?1'
    'HTTP_SEC_FETCH_DEST' => 'document'
    'HTTP_SEC_CH_UA' => '\"Not?A_Brand\";v=\"8\", \"Chromium\";v=\"108\", \"Google Chrome\";v=\"108\"'
    'HTTP_SEC_CH_UA_MOBILE' => '?0'
    'HTTP_SEC_CH_UA_PLATFORM' => '\"Windows\"'
    'HTTP_REFERER' => 'http://localhost:8090/advanced/webDB/frontend/web/index.php?r=site%2Fsite1'
    'HTTP_ACCEPT_ENCODING' => 'gzip, deflate, br'
    'HTTP_ACCEPT_LANGUAGE' => 'zh-CN,zh;q=0.9'
    'HTTP_COOKIE' => 'Pycharm-a1a598e2=7cdbba08-9ef7-4e18-a9af-25f24e5a2543; advanced-backend=0anugqfnahfsgh7ojcav4qpl15; _csrf-backend=5a0c978518bfe180a855546eb78ada4dd09922ffc2a1ea62782aaaaff7b94889a%3A2%3A%7Bi%3A0%3Bs%3A13%3A%22_csrf-backend%22%3Bi%3A1%3Bs%3A32%3A%22PGOc2GcVDdnAOBF9mz-boeMt0dElzH-D%22%3B%7D; _csrf-frontend=f527a5b76f38246d8f2d204332ec9bc69a3eb4b529fc02f68efbe26495bf7e3ca%3A2%3A%7Bi%3A0%3Bs%3A14%3A%22_csrf-frontend%22%3Bi%3A1%3Bs%3A32%3A%22UWiWZjf9ZePvEjBQ04ShmQ2YQRDxwYDO%22%3B%7D'
    'PATH' => 'E:\\Anaconda_;E:\\Anaconda_\\Library\\mingw-w64\\bin;E:\\Anaconda_\\Library\\usr\\bin;E:\\Anaconda_\\Library\\bin;E:\\Anaconda_\\Scripts;C:\\Program Files\\Microsoft MPI\\Bin\\;E:\\NKU\\tools\\apache-maven-3.6.1\\bin;E:\\NKU\\data\\hadoop\\windows\\hadoop-3.1.0\\bin;D:\\java\\jdk1.8\\bin;D:\\java\\jdk1.8-jre\\bin;D:\\TDM-GCC-64\\TDM-GCC-64\\bin;D:\\TDM-GCC\\bin;C:\\Strawberry\\perl\\site\\bin;C:\\Strawberry\\perl\\bin;C:\\Strawberry\\c\\bin;C:\\Program Files (x86)\\VMware\\VMware Workstation\\bin\\;C:\\Program Files\\Common Files\\Oracle\\Java\\javapath;C:\\Program Files (x86)\\Common Files\\Oracle\\Java\\javapath;C:\\Program Files\\NVIDIA GPU Computing Toolkit\\CUDA\\v11.5\\bin;C:\\Program Files\\NVIDIA GPU Computing Toolkit\\CUDA\\v11.5\\libnvvp;C:\\Windows\\system32;C:\\Windows;C:\\Windows\\System32\\Wbem;C:\\Windows\\System32\\WindowsPowerShell\\v1.0\\;C:\\Windows\\System32\\OpenSSH\\;C:\\Program Files (x86)\\NVIDIA Corporation\\PhysX\\Common;C:\\Program Files\\NVIDIA Corporation\\NVIDIA NvDLISR;D:\\Program Files\\MATLAB\\R2016b\\runtime\\win64;D:\\Program Files\\MATLAB\\R2016b\\bin;D:\\Program Files\\MATLAB\\R2016b\\polyspace\\bin;C:\\WINDOWS\\system32;C:\\WINDOWS;C:\\WINDOWS\\System32\\Wbem;C:\\WINDOWS\\System32\\WindowsPowerShell\\v1.0\\;C:\\WINDOWS\\System32\\OpenSSH\\;D:\\anaconda;D:\\anaconda\\Scripts;D:\\anaconda\\Library\\bin;D:\\anaconda\\Library\\mingw-w64\\bin;D:\\Python;C:\\Program Files\\NVIDIA Corporation\\Nsight Compute 2021.3.0\\;C:\\Program Files (x86)\\NetSarang\\Xshell 7\\;C:\\Program Files\\Git\\cmd;D:\\java\\bin;C:\\Program Files (x86)\\ZeroTier\\One\\;C:\\xampp\\php;C:\\composer;C:\\Program Files\\MySQL\\MySQL Shell 8.0\\bin\\;C:\\Users\\dingyanfeng\\AppData\\Local\\Microsoft\\WindowsApps;;D:\\VScode\\Microsoft VS Code\\bin;D:\\pycharm\\PyCharm Community Edition 2021.2.2\\bin;;C:\\Users\\dingyanfeng\\AppData\\Roaming\\Composer\\vendor\\bin'
    'SystemRoot' => 'C:\\WINDOWS'
    'COMSPEC' => 'C:\\WINDOWS\\system32\\cmd.exe'
    'PATHEXT' => '.COM;.EXE;.BAT;.CMD;.VBS;.VBE;.JS;.JSE;.WSF;.WSH;.MSC'
    'WINDIR' => 'C:\\WINDOWS'
    'SERVER_SIGNATURE' => '<address>Apache/2.4.54 (Win64) OpenSSL/1.1.1p PHP/8.1.12 Server at localhost Port 8090</address>
'
    'SERVER_SOFTWARE' => 'Apache/2.4.54 (Win64) OpenSSL/1.1.1p PHP/8.1.12'
    'SERVER_NAME' => 'localhost'
    'SERVER_ADDR' => '::1'
    'SERVER_PORT' => '8090'
    'REMOTE_ADDR' => '::1'
    'DOCUMENT_ROOT' => 'C:/xampp/htdocs/Yii'
    'REQUEST_SCHEME' => 'http'
    'CONTEXT_PREFIX' => ''
    'CONTEXT_DOCUMENT_ROOT' => 'C:/xampp/htdocs/Yii'
    'SERVER_ADMIN' => 'postmaster@localhost'
    'SCRIPT_FILENAME' => 'C:/xampp/htdocs/Yii/advanced/webDB/frontend/web/index.php'
    'REMOTE_PORT' => '57394'
    'GATEWAY_INTERFACE' => 'CGI/1.1'
    'SERVER_PROTOCOL' => 'HTTP/1.1'
    'REQUEST_METHOD' => 'GET'
    'QUERY_STRING' => ''
    'REQUEST_URI' => '/advanced/webDB/frontend/web/index.php'
    'SCRIPT_NAME' => '/advanced/webDB/frontend/web/index.php'
    'PHP_SELF' => '/advanced/webDB/frontend/web/index.php'
    'REQUEST_TIME_FLOAT' => 1676088188.3662
    'REQUEST_TIME' => 1676088188
]
2023-02-11 05:03:28 [::1][-][-][error][yii\web\HttpException:404] yii\base\InvalidRouteException: Unable to resolve the request "". in C:\xampp\htdocs\Yii\advanced\webDB\vendor\yiisoft\yii2\base\Module.php:561
Stack trace:
#0 C:\xampp\htdocs\Yii\advanced\webDB\vendor\yiisoft\yii2\web\Application.php(103): yii\base\Module->runAction('', Array)
#1 C:\xampp\htdocs\Yii\advanced\webDB\vendor\yiisoft\yii2\base\Application.php(384): yii\web\Application->handleRequest(Object(yii\web\Request))
#2 C:\xampp\htdocs\Yii\advanced\webDB\frontend\web\index.php(18): yii\base\Application->run()
#3 {main}

Next yii\web\NotFoundHttpException: Page not found. in C:\xampp\htdocs\Yii\advanced\webDB\vendor\yiisoft\yii2\web\Application.php:115
Stack trace:
#0 C:\xampp\htdocs\Yii\advanced\webDB\vendor\yiisoft\yii2\base\Application.php(384): yii\web\Application->handleRequest(Object(yii\web\Request))
#1 C:\xampp\htdocs\Yii\advanced\webDB\frontend\web\index.php(18): yii\base\Application->run()
#2 {main}
2023-02-11 05:03:28 [::1][-][-][info][application] $_GET = []

$_POST = []

$_FILES = []

$_COOKIE = [
    'Pycharm-a1a598e2' => '7cdbba08-9ef7-4e18-a9af-25f24e5a2543'
    'advanced-backend' => '0anugqfnahfsgh7ojcav4qpl15'
    '_csrf-backend' => '5a0c978518bfe180a855546eb78ada4dd09922ffc2a1ea62782aaaaff7b94889a:2:{i:0;s:13:\"_csrf-backend\";i:1;s:32:\"PGOc2GcVDdnAOBF9mz-boeMt0dElzH-D\";}'
    '_csrf-frontend' => 'f527a5b76f38246d8f2d204332ec9bc69a3eb4b529fc02f68efbe26495bf7e3ca:2:{i:0;s:14:\"_csrf-frontend\";i:1;s:32:\"UWiWZjf9ZePvEjBQ04ShmQ2YQRDxwYDO\";}'
]

$_SERVER = [
    'MIBDIRS' => 'C:/xampp/php/extras/mibs'
    'MYSQL_HOME' => '\\xampp\\mysql\\bin'
    'OPENSSL_CONF' => 'C:/xampp/apache/bin/openssl.cnf'
    'PHP_PEAR_SYSCONF_DIR' => '\\xampp\\php'
    'PHPRC' => '\\xampp\\php'
    'TMP' => '\\xampp\\tmp'
    'HTTP_HOST' => 'localhost:8090'
    'HTTP_CONNECTION' => 'keep-alive'
    'HTTP_UPGRADE_INSECURE_REQUESTS' => '1'
    'HTTP_USER_AGENT' => 'Mozilla/5.0 (Windows NT 10.0; Win64; x64) AppleWebKit/537.36 (KHTML, like Gecko) Chrome/108.0.0.0 Safari/537.36'
    'HTTP_ACCEPT' => 'text/html,application/xhtml+xml,application/xml;q=0.9,image/avif,image/webp,image/apng,*/*;q=0.8,application/signed-exchange;v=b3;q=0.9'
    'HTTP_SEC_FETCH_SITE' => 'same-origin'
    'HTTP_SEC_FETCH_MODE' => 'navigate'
    'HTTP_SEC_FETCH_USER' => '?1'
    'HTTP_SEC_FETCH_DEST' => 'document'
    'HTTP_SEC_CH_UA' => '\"Not?A_Brand\";v=\"8\", \"Chromium\";v=\"108\", \"Google Chrome\";v=\"108\"'
    'HTTP_SEC_CH_UA_MOBILE' => '?0'
    'HTTP_SEC_CH_UA_PLATFORM' => '\"Windows\"'
    'HTTP_REFERER' => 'http://localhost:8090/advanced/webDB/frontend/web/index.php?r=site%2Fsite2'
    'HTTP_ACCEPT_ENCODING' => 'gzip, deflate, br'
    'HTTP_ACCEPT_LANGUAGE' => 'zh-CN,zh;q=0.9'
    'HTTP_COOKIE' => 'Pycharm-a1a598e2=7cdbba08-9ef7-4e18-a9af-25f24e5a2543; advanced-backend=0anugqfnahfsgh7ojcav4qpl15; _csrf-backend=5a0c978518bfe180a855546eb78ada4dd09922ffc2a1ea62782aaaaff7b94889a%3A2%3A%7Bi%3A0%3Bs%3A13%3A%22_csrf-backend%22%3Bi%3A1%3Bs%3A32%3A%22PGOc2GcVDdnAOBF9mz-boeMt0dElzH-D%22%3B%7D; _csrf-frontend=f527a5b76f38246d8f2d204332ec9bc69a3eb4b529fc02f68efbe26495bf7e3ca%3A2%3A%7Bi%3A0%3Bs%3A14%3A%22_csrf-frontend%22%3Bi%3A1%3Bs%3A32%3A%22UWiWZjf9ZePvEjBQ04ShmQ2YQRDxwYDO%22%3B%7D'
    'PATH' => 'E:\\Anaconda_;E:\\Anaconda_\\Library\\mingw-w64\\bin;E:\\Anaconda_\\Library\\usr\\bin;E:\\Anaconda_\\Library\\bin;E:\\Anaconda_\\Scripts;C:\\Program Files\\Microsoft MPI\\Bin\\;E:\\NKU\\tools\\apache-maven-3.6.1\\bin;E:\\NKU\\data\\hadoop\\windows\\hadoop-3.1.0\\bin;D:\\java\\jdk1.8\\bin;D:\\java\\jdk1.8-jre\\bin;D:\\TDM-GCC-64\\TDM-GCC-64\\bin;D:\\TDM-GCC\\bin;C:\\Strawberry\\perl\\site\\bin;C:\\Strawberry\\perl\\bin;C:\\Strawberry\\c\\bin;C:\\Program Files (x86)\\VMware\\VMware Workstation\\bin\\;C:\\Program Files\\Common Files\\Oracle\\Java\\javapath;C:\\Program Files (x86)\\Common Files\\Oracle\\Java\\javapath;C:\\Program Files\\NVIDIA GPU Computing Toolkit\\CUDA\\v11.5\\bin;C:\\Program Files\\NVIDIA GPU Computing Toolkit\\CUDA\\v11.5\\libnvvp;C:\\Windows\\system32;C:\\Windows;C:\\Windows\\System32\\Wbem;C:\\Windows\\System32\\WindowsPowerShell\\v1.0\\;C:\\Windows\\System32\\OpenSSH\\;C:\\Program Files (x86)\\NVIDIA Corporation\\PhysX\\Common;C:\\Program Files\\NVIDIA Corporation\\NVIDIA NvDLISR;D:\\Program Files\\MATLAB\\R2016b\\runtime\\win64;D:\\Program Files\\MATLAB\\R2016b\\bin;D:\\Program Files\\MATLAB\\R2016b\\polyspace\\bin;C:\\WINDOWS\\system32;C:\\WINDOWS;C:\\WINDOWS\\System32\\Wbem;C:\\WINDOWS\\System32\\WindowsPowerShell\\v1.0\\;C:\\WINDOWS\\System32\\OpenSSH\\;D:\\anaconda;D:\\anaconda\\Scripts;D:\\anaconda\\Library\\bin;D:\\anaconda\\Library\\mingw-w64\\bin;D:\\Python;C:\\Program Files\\NVIDIA Corporation\\Nsight Compute 2021.3.0\\;C:\\Program Files (x86)\\NetSarang\\Xshell 7\\;C:\\Program Files\\Git\\cmd;D:\\java\\bin;C:\\Program Files (x86)\\ZeroTier\\One\\;C:\\xampp\\php;C:\\composer;C:\\Program Files\\MySQL\\MySQL Shell 8.0\\bin\\;C:\\Users\\dingyanfeng\\AppData\\Local\\Microsoft\\WindowsApps;;D:\\VScode\\Microsoft VS Code\\bin;D:\\pycharm\\PyCharm Community Edition 2021.2.2\\bin;;C:\\Users\\dingyanfeng\\AppData\\Roaming\\Composer\\vendor\\bin'
    'SystemRoot' => 'C:\\WINDOWS'
    'COMSPEC' => 'C:\\WINDOWS\\system32\\cmd.exe'
    'PATHEXT' => '.COM;.EXE;.BAT;.CMD;.VBS;.VBE;.JS;.JSE;.WSF;.WSH;.MSC'
    'WINDIR' => 'C:\\WINDOWS'
    'SERVER_SIGNATURE' => '<address>Apache/2.4.54 (Win64) OpenSSL/1.1.1p PHP/8.1.12 Server at localhost Port 8090</address>
'
    'SERVER_SOFTWARE' => 'Apache/2.4.54 (Win64) OpenSSL/1.1.1p PHP/8.1.12'
    'SERVER_NAME' => 'localhost'
    'SERVER_ADDR' => '::1'
    'SERVER_PORT' => '8090'
    'REMOTE_ADDR' => '::1'
    'DOCUMENT_ROOT' => 'C:/xampp/htdocs/Yii'
    'REQUEST_SCHEME' => 'http'
    'CONTEXT_PREFIX' => ''
    'CONTEXT_DOCUMENT_ROOT' => 'C:/xampp/htdocs/Yii'
    'SERVER_ADMIN' => 'postmaster@localhost'
    'SCRIPT_FILENAME' => 'C:/xampp/htdocs/Yii/advanced/webDB/frontend/web/index.php'
    'REMOTE_PORT' => '57396'
    'GATEWAY_INTERFACE' => 'CGI/1.1'
    'SERVER_PROTOCOL' => 'HTTP/1.1'
    'REQUEST_METHOD' => 'GET'
    'QUERY_STRING' => ''
    'REQUEST_URI' => '/advanced/webDB/frontend/web/index.php'
    'SCRIPT_NAME' => '/advanced/webDB/frontend/web/index.php'
    'PHP_SELF' => '/advanced/webDB/frontend/web/index.php'
    'REQUEST_TIME_FLOAT' => 1676088208.7516
    'REQUEST_TIME' => 1676088208
]
2023-02-11 05:05:26 [::1][-][kd1e2e7o9udvo7hgtjtdq9fclr][error][yii\web\HttpException:404] yii\base\InvalidRouteException: Unable to resolve the request "". in C:\xampp\htdocs\Yii\advanced\webDB\vendor\yiisoft\yii2\base\Module.php:561
Stack trace:
#0 C:\xampp\htdocs\Yii\advanced\webDB\vendor\yiisoft\yii2\web\Application.php(103): yii\base\Module->runAction('', Array)
#1 C:\xampp\htdocs\Yii\advanced\webDB\vendor\yiisoft\yii2\base\Application.php(384): yii\web\Application->handleRequest(Object(yii\web\Request))
#2 C:\xampp\htdocs\Yii\advanced\webDB\frontend\web\index.php(18): yii\base\Application->run()
#3 {main}

Next yii\web\NotFoundHttpException: Page not found. in C:\xampp\htdocs\Yii\advanced\webDB\vendor\yiisoft\yii2\web\Application.php:115
Stack trace:
#0 C:\xampp\htdocs\Yii\advanced\webDB\vendor\yiisoft\yii2\base\Application.php(384): yii\web\Application->handleRequest(Object(yii\web\Request))
#1 C:\xampp\htdocs\Yii\advanced\webDB\frontend\web\index.php(18): yii\base\Application->run()
#2 {main}
2023-02-11 05:05:26 [::1][-][kd1e2e7o9udvo7hgtjtdq9fclr][info][application] $_GET = []

$_POST = []

$_FILES = []

$_COOKIE = [
    'Pycharm-a1a598e2' => '7cdbba08-9ef7-4e18-a9af-25f24e5a2543'
    'advanced-backend' => '0anugqfnahfsgh7ojcav4qpl15'
    '_csrf-backend' => '5a0c978518bfe180a855546eb78ada4dd09922ffc2a1ea62782aaaaff7b94889a:2:{i:0;s:13:\"_csrf-backend\";i:1;s:32:\"PGOc2GcVDdnAOBF9mz-boeMt0dElzH-D\";}'
    '_csrf-frontend' => 'f527a5b76f38246d8f2d204332ec9bc69a3eb4b529fc02f68efbe26495bf7e3ca:2:{i:0;s:14:\"_csrf-frontend\";i:1;s:32:\"UWiWZjf9ZePvEjBQ04ShmQ2YQRDxwYDO\";}'
    'advanced-frontend' => 'kd1e2e7o9udvo7hgtjtdq9fclr'
]

$_SESSION = [
    '__flash' => [
        'success' => -1
    ]
    'success' => 'Thank you for registration. Please check your inbox for verification email.'
]

$_SERVER = [
    'MIBDIRS' => 'C:/xampp/php/extras/mibs'
    'MYSQL_HOME' => '\\xampp\\mysql\\bin'
    'OPENSSL_CONF' => 'C:/xampp/apache/bin/openssl.cnf'
    'PHP_PEAR_SYSCONF_DIR' => '\\xampp\\php'
    'PHPRC' => '\\xampp\\php'
    'TMP' => '\\xampp\\tmp'
    'HTTP_HOST' => 'localhost:8090'
    'HTTP_CONNECTION' => 'keep-alive'
    'HTTP_CACHE_CONTROL' => 'max-age=0'
    'HTTP_UPGRADE_INSECURE_REQUESTS' => '1'
    'HTTP_USER_AGENT' => 'Mozilla/5.0 (Windows NT 10.0; Win64; x64) AppleWebKit/537.36 (KHTML, like Gecko) Chrome/108.0.0.0 Safari/537.36'
    'HTTP_ACCEPT' => 'text/html,application/xhtml+xml,application/xml;q=0.9,image/avif,image/webp,image/apng,*/*;q=0.8,application/signed-exchange;v=b3;q=0.9'
    'HTTP_SEC_FETCH_SITE' => 'same-origin'
    'HTTP_SEC_FETCH_MODE' => 'navigate'
    'HTTP_SEC_FETCH_USER' => '?1'
    'HTTP_SEC_FETCH_DEST' => 'document'
    'HTTP_SEC_CH_UA' => '\"Not?A_Brand\";v=\"8\", \"Chromium\";v=\"108\", \"Google Chrome\";v=\"108\"'
    'HTTP_SEC_CH_UA_MOBILE' => '?0'
    'HTTP_SEC_CH_UA_PLATFORM' => '\"Windows\"'
    'HTTP_REFERER' => 'http://localhost:8090/advanced/webDB/frontend/web/index.php?r=site%2Fsignup'
    'HTTP_ACCEPT_ENCODING' => 'gzip, deflate, br'
    'HTTP_ACCEPT_LANGUAGE' => 'zh-CN,zh;q=0.9'
    'HTTP_COOKIE' => 'Pycharm-a1a598e2=7cdbba08-9ef7-4e18-a9af-25f24e5a2543; advanced-backend=0anugqfnahfsgh7ojcav4qpl15; _csrf-backend=5a0c978518bfe180a855546eb78ada4dd09922ffc2a1ea62782aaaaff7b94889a%3A2%3A%7Bi%3A0%3Bs%3A13%3A%22_csrf-backend%22%3Bi%3A1%3Bs%3A32%3A%22PGOc2GcVDdnAOBF9mz-boeMt0dElzH-D%22%3B%7D; _csrf-frontend=f527a5b76f38246d8f2d204332ec9bc69a3eb4b529fc02f68efbe26495bf7e3ca%3A2%3A%7Bi%3A0%3Bs%3A14%3A%22_csrf-frontend%22%3Bi%3A1%3Bs%3A32%3A%22UWiWZjf9ZePvEjBQ04ShmQ2YQRDxwYDO%22%3B%7D; advanced-frontend=kd1e2e7o9udvo7hgtjtdq9fclr'
    'PATH' => 'E:\\Anaconda_;E:\\Anaconda_\\Library\\mingw-w64\\bin;E:\\Anaconda_\\Library\\usr\\bin;E:\\Anaconda_\\Library\\bin;E:\\Anaconda_\\Scripts;C:\\Program Files\\Microsoft MPI\\Bin\\;E:\\NKU\\tools\\apache-maven-3.6.1\\bin;E:\\NKU\\data\\hadoop\\windows\\hadoop-3.1.0\\bin;D:\\java\\jdk1.8\\bin;D:\\java\\jdk1.8-jre\\bin;D:\\TDM-GCC-64\\TDM-GCC-64\\bin;D:\\TDM-GCC\\bin;C:\\Strawberry\\perl\\site\\bin;C:\\Strawberry\\perl\\bin;C:\\Strawberry\\c\\bin;C:\\Program Files (x86)\\VMware\\VMware Workstation\\bin\\;C:\\Program Files\\Common Files\\Oracle\\Java\\javapath;C:\\Program Files (x86)\\Common Files\\Oracle\\Java\\javapath;C:\\Program Files\\NVIDIA GPU Computing Toolkit\\CUDA\\v11.5\\bin;C:\\Program Files\\NVIDIA GPU Computing Toolkit\\CUDA\\v11.5\\libnvvp;C:\\Windows\\system32;C:\\Windows;C:\\Windows\\System32\\Wbem;C:\\Windows\\System32\\WindowsPowerShell\\v1.0\\;C:\\Windows\\System32\\OpenSSH\\;C:\\Program Files (x86)\\NVIDIA Corporation\\PhysX\\Common;C:\\Program Files\\NVIDIA Corporation\\NVIDIA NvDLISR;D:\\Program Files\\MATLAB\\R2016b\\runtime\\win64;D:\\Program Files\\MATLAB\\R2016b\\bin;D:\\Program Files\\MATLAB\\R2016b\\polyspace\\bin;C:\\WINDOWS\\system32;C:\\WINDOWS;C:\\WINDOWS\\System32\\Wbem;C:\\WINDOWS\\System32\\WindowsPowerShell\\v1.0\\;C:\\WINDOWS\\System32\\OpenSSH\\;D:\\anaconda;D:\\anaconda\\Scripts;D:\\anaconda\\Library\\bin;D:\\anaconda\\Library\\mingw-w64\\bin;D:\\Python;C:\\Program Files\\NVIDIA Corporation\\Nsight Compute 2021.3.0\\;C:\\Program Files (x86)\\NetSarang\\Xshell 7\\;C:\\Program Files\\Git\\cmd;D:\\java\\bin;C:\\Program Files (x86)\\ZeroTier\\One\\;C:\\xampp\\php;C:\\composer;C:\\Program Files\\MySQL\\MySQL Shell 8.0\\bin\\;C:\\Users\\dingyanfeng\\AppData\\Local\\Microsoft\\WindowsApps;;D:\\VScode\\Microsoft VS Code\\bin;D:\\pycharm\\PyCharm Community Edition 2021.2.2\\bin;;C:\\Users\\dingyanfeng\\AppData\\Roaming\\Composer\\vendor\\bin'
    'SystemRoot' => 'C:\\WINDOWS'
    'COMSPEC' => 'C:\\WINDOWS\\system32\\cmd.exe'
    'PATHEXT' => '.COM;.EXE;.BAT;.CMD;.VBS;.VBE;.JS;.JSE;.WSF;.WSH;.MSC'
    'WINDIR' => 'C:\\WINDOWS'
    'SERVER_SIGNATURE' => '<address>Apache/2.4.54 (Win64) OpenSSL/1.1.1p PHP/8.1.12 Server at localhost Port 8090</address>
'
    'SERVER_SOFTWARE' => 'Apache/2.4.54 (Win64) OpenSSL/1.1.1p PHP/8.1.12'
    'SERVER_NAME' => 'localhost'
    'SERVER_ADDR' => '::1'
    'SERVER_PORT' => '8090'
    'REMOTE_ADDR' => '::1'
    'DOCUMENT_ROOT' => 'C:/xampp/htdocs/Yii'
    'REQUEST_SCHEME' => 'http'
    'CONTEXT_PREFIX' => ''
    'CONTEXT_DOCUMENT_ROOT' => 'C:/xampp/htdocs/Yii'
    'SERVER_ADMIN' => 'postmaster@localhost'
    'SCRIPT_FILENAME' => 'C:/xampp/htdocs/Yii/advanced/webDB/frontend/web/index.php'
    'REMOTE_PORT' => '57435'
    'GATEWAY_INTERFACE' => 'CGI/1.1'
    'SERVER_PROTOCOL' => 'HTTP/1.1'
    'REQUEST_METHOD' => 'GET'
    'QUERY_STRING' => ''
    'REQUEST_URI' => '/advanced/webDB/frontend/web/index.php'
    'SCRIPT_NAME' => '/advanced/webDB/frontend/web/index.php'
    'PHP_SELF' => '/advanced/webDB/frontend/web/index.php'
    'REQUEST_TIME_FLOAT' => 1676088326.4993
    'REQUEST_TIME' => 1676088326
]
2023-02-11 05:05:48 [::1][111111111111111111][q4jd3j1c8jcpg9imgl0qe0igg5][error][yii\web\HttpException:404] yii\base\InvalidRouteException: Unable to resolve the request "". in C:\xampp\htdocs\Yii\advanced\webDB\vendor\yiisoft\yii2\base\Module.php:561
Stack trace:
#0 C:\xampp\htdocs\Yii\advanced\webDB\vendor\yiisoft\yii2\web\Application.php(103): yii\base\Module->runAction('', Array)
#1 C:\xampp\htdocs\Yii\advanced\webDB\vendor\yiisoft\yii2\base\Application.php(384): yii\web\Application->handleRequest(Object(yii\web\Request))
#2 C:\xampp\htdocs\Yii\advanced\webDB\frontend\web\index.php(18): yii\base\Application->run()
#3 {main}

Next yii\web\NotFoundHttpException: Page not found. in C:\xampp\htdocs\Yii\advanced\webDB\vendor\yiisoft\yii2\web\Application.php:115
Stack trace:
#0 C:\xampp\htdocs\Yii\advanced\webDB\vendor\yiisoft\yii2\base\Application.php(384): yii\web\Application->handleRequest(Object(yii\web\Request))
#1 C:\xampp\htdocs\Yii\advanced\webDB\frontend\web\index.php(18): yii\base\Application->run()
#2 {main}
2023-02-11 05:05:48 [::1][111111111111111111][q4jd3j1c8jcpg9imgl0qe0igg5][info][application] $_GET = []

$_POST = []

$_FILES = []

$_COOKIE = [
    'Pycharm-a1a598e2' => '7cdbba08-9ef7-4e18-a9af-25f24e5a2543'
    'advanced-backend' => '0anugqfnahfsgh7ojcav4qpl15'
    '_csrf-backend' => '5a0c978518bfe180a855546eb78ada4dd09922ffc2a1ea62782aaaaff7b94889a:2:{i:0;s:13:\"_csrf-backend\";i:1;s:32:\"PGOc2GcVDdnAOBF9mz-boeMt0dElzH-D\";}'
    'advanced-frontend' => 'q4jd3j1c8jcpg9imgl0qe0igg5'
    '_identity-frontend' => 'd0ebf1d1ca4bbbb823183722dc736e84924a8146797c10b3233e2d8081ce15b9a:2:{i:0;s:18:\"_identity-frontend\";i:1;s:65:\"[\"111111111111111111\",\"iSec6PpJhVhFRlGPK6LI9D_ybuu9Iq0q\",2592000]\";}'
    '_csrf-frontend' => '4d5b84165945aeb90923a274030cb0cb68c3014cf66bca46dddd8f620e22acf8a:2:{i:0;s:14:\"_csrf-frontend\";i:1;s:32:\"YfCqNUBPSEn3W_tcujR-ux1bzVR9sl9m\";}'
]

$_SESSION = [
    '__flash' => [
        'success' => -1
    ]
    'success' => 'Thank you for registration. Please check your inbox for verification email.'
    '__id' => '111111111111111111'
    '__authKey' => 'iSec6PpJhVhFRlGPK6LI9D_ybuu9Iq0q'
]

$_SERVER = [
    'MIBDIRS' => 'C:/xampp/php/extras/mibs'
    'MYSQL_HOME' => '\\xampp\\mysql\\bin'
    'OPENSSL_CONF' => 'C:/xampp/apache/bin/openssl.cnf'
    'PHP_PEAR_SYSCONF_DIR' => '\\xampp\\php'
    'PHPRC' => '\\xampp\\php'
    'TMP' => '\\xampp\\tmp'
    'HTTP_HOST' => 'localhost:8090'
    'HTTP_CONNECTION' => 'keep-alive'
    'HTTP_CACHE_CONTROL' => 'max-age=0'
    'HTTP_UPGRADE_INSECURE_REQUESTS' => '1'
    'HTTP_USER_AGENT' => 'Mozilla/5.0 (Windows NT 10.0; Win64; x64) AppleWebKit/537.36 (KHTML, like Gecko) Chrome/108.0.0.0 Safari/537.36'
    'HTTP_ACCEPT' => 'text/html,application/xhtml+xml,application/xml;q=0.9,image/avif,image/webp,image/apng,*/*;q=0.8,application/signed-exchange;v=b3;q=0.9'
    'HTTP_SEC_FETCH_SITE' => 'same-origin'
    'HTTP_SEC_FETCH_MODE' => 'navigate'
    'HTTP_SEC_FETCH_USER' => '?1'
    'HTTP_SEC_FETCH_DEST' => 'document'
    'HTTP_SEC_CH_UA' => '\"Not?A_Brand\";v=\"8\", \"Chromium\";v=\"108\", \"Google Chrome\";v=\"108\"'
    'HTTP_SEC_CH_UA_MOBILE' => '?0'
    'HTTP_SEC_CH_UA_PLATFORM' => '\"Windows\"'
    'HTTP_REFERER' => 'http://localhost:8090/advanced/webDB/frontend/web/index.php?r=site%2Flogin'
    'HTTP_ACCEPT_ENCODING' => 'gzip, deflate, br'
    'HTTP_ACCEPT_LANGUAGE' => 'zh-CN,zh;q=0.9'
    'HTTP_COOKIE' => 'Pycharm-a1a598e2=7cdbba08-9ef7-4e18-a9af-25f24e5a2543; advanced-backend=0anugqfnahfsgh7ojcav4qpl15; _csrf-backend=5a0c978518bfe180a855546eb78ada4dd09922ffc2a1ea62782aaaaff7b94889a%3A2%3A%7Bi%3A0%3Bs%3A13%3A%22_csrf-backend%22%3Bi%3A1%3Bs%3A32%3A%22PGOc2GcVDdnAOBF9mz-boeMt0dElzH-D%22%3B%7D; advanced-frontend=q4jd3j1c8jcpg9imgl0qe0igg5; _identity-frontend=d0ebf1d1ca4bbbb823183722dc736e84924a8146797c10b3233e2d8081ce15b9a%3A2%3A%7Bi%3A0%3Bs%3A18%3A%22_identity-frontend%22%3Bi%3A1%3Bs%3A65%3A%22%5B%22111111111111111111%22%2C%22iSec6PpJhVhFRlGPK6LI9D_ybuu9Iq0q%22%2C2592000%5D%22%3B%7D; _csrf-frontend=4d5b84165945aeb90923a274030cb0cb68c3014cf66bca46dddd8f620e22acf8a%3A2%3A%7Bi%3A0%3Bs%3A14%3A%22_csrf-frontend%22%3Bi%3A1%3Bs%3A32%3A%22YfCqNUBPSEn3W_tcujR-ux1bzVR9sl9m%22%3B%7D'
    'PATH' => 'E:\\Anaconda_;E:\\Anaconda_\\Library\\mingw-w64\\bin;E:\\Anaconda_\\Library\\usr\\bin;E:\\Anaconda_\\Library\\bin;E:\\Anaconda_\\Scripts;C:\\Program Files\\Microsoft MPI\\Bin\\;E:\\NKU\\tools\\apache-maven-3.6.1\\bin;E:\\NKU\\data\\hadoop\\windows\\hadoop-3.1.0\\bin;D:\\java\\jdk1.8\\bin;D:\\java\\jdk1.8-jre\\bin;D:\\TDM-GCC-64\\TDM-GCC-64\\bin;D:\\TDM-GCC\\bin;C:\\Strawberry\\perl\\site\\bin;C:\\Strawberry\\perl\\bin;C:\\Strawberry\\c\\bin;C:\\Program Files (x86)\\VMware\\VMware Workstation\\bin\\;C:\\Program Files\\Common Files\\Oracle\\Java\\javapath;C:\\Program Files (x86)\\Common Files\\Oracle\\Java\\javapath;C:\\Program Files\\NVIDIA GPU Computing Toolkit\\CUDA\\v11.5\\bin;C:\\Program Files\\NVIDIA GPU Computing Toolkit\\CUDA\\v11.5\\libnvvp;C:\\Windows\\system32;C:\\Windows;C:\\Windows\\System32\\Wbem;C:\\Windows\\System32\\WindowsPowerShell\\v1.0\\;C:\\Windows\\System32\\OpenSSH\\;C:\\Program Files (x86)\\NVIDIA Corporation\\PhysX\\Common;C:\\Program Files\\NVIDIA Corporation\\NVIDIA NvDLISR;D:\\Program Files\\MATLAB\\R2016b\\runtime\\win64;D:\\Program Files\\MATLAB\\R2016b\\bin;D:\\Program Files\\MATLAB\\R2016b\\polyspace\\bin;C:\\WINDOWS\\system32;C:\\WINDOWS;C:\\WINDOWS\\System32\\Wbem;C:\\WINDOWS\\System32\\WindowsPowerShell\\v1.0\\;C:\\WINDOWS\\System32\\OpenSSH\\;D:\\anaconda;D:\\anaconda\\Scripts;D:\\anaconda\\Library\\bin;D:\\anaconda\\Library\\mingw-w64\\bin;D:\\Python;C:\\Program Files\\NVIDIA Corporation\\Nsight Compute 2021.3.0\\;C:\\Program Files (x86)\\NetSarang\\Xshell 7\\;C:\\Program Files\\Git\\cmd;D:\\java\\bin;C:\\Program Files (x86)\\ZeroTier\\One\\;C:\\xampp\\php;C:\\composer;C:\\Program Files\\MySQL\\MySQL Shell 8.0\\bin\\;C:\\Users\\dingyanfeng\\AppData\\Local\\Microsoft\\WindowsApps;;D:\\VScode\\Microsoft VS Code\\bin;D:\\pycharm\\PyCharm Community Edition 2021.2.2\\bin;;C:\\Users\\dingyanfeng\\AppData\\Roaming\\Composer\\vendor\\bin'
    'SystemRoot' => 'C:\\WINDOWS'
    'COMSPEC' => 'C:\\WINDOWS\\system32\\cmd.exe'
    'PATHEXT' => '.COM;.EXE;.BAT;.CMD;.VBS;.VBE;.JS;.JSE;.WSF;.WSH;.MSC'
    'WINDIR' => 'C:\\WINDOWS'
    'SERVER_SIGNATURE' => '<address>Apache/2.4.54 (Win64) OpenSSL/1.1.1p PHP/8.1.12 Server at localhost Port 8090</address>
'
    'SERVER_SOFTWARE' => 'Apache/2.4.54 (Win64) OpenSSL/1.1.1p PHP/8.1.12'
    'SERVER_NAME' => 'localhost'
    'SERVER_ADDR' => '::1'
    'SERVER_PORT' => '8090'
    'REMOTE_ADDR' => '::1'
    'DOCUMENT_ROOT' => 'C:/xampp/htdocs/Yii'
    'REQUEST_SCHEME' => 'http'
    'CONTEXT_PREFIX' => ''
    'CONTEXT_DOCUMENT_ROOT' => 'C:/xampp/htdocs/Yii'
    'SERVER_ADMIN' => 'postmaster@localhost'
    'SCRIPT_FILENAME' => 'C:/xampp/htdocs/Yii/advanced/webDB/frontend/web/index.php'
    'REMOTE_PORT' => '57441'
    'GATEWAY_INTERFACE' => 'CGI/1.1'
    'SERVER_PROTOCOL' => 'HTTP/1.1'
    'REQUEST_METHOD' => 'GET'
    'QUERY_STRING' => ''
    'REQUEST_URI' => '/advanced/webDB/frontend/web/index.php'
    'SCRIPT_NAME' => '/advanced/webDB/frontend/web/index.php'
    'PHP_SELF' => '/advanced/webDB/frontend/web/index.php'
    'REQUEST_TIME_FLOAT' => 1676088348.3723
    'REQUEST_TIME' => 1676088348
]
2023-02-11 05:28:17 [::1][111111111111111111][3qopb4nvthhi0akn5c1avteu1d][error][yii\web\HttpException:404] yii\base\InvalidRouteException: Unable to resolve the request "". in C:\xampp\htdocs\Yii\advanced\webDB\vendor\yiisoft\yii2\base\Module.php:561
Stack trace:
#0 C:\xampp\htdocs\Yii\advanced\webDB\vendor\yiisoft\yii2\web\Application.php(103): yii\base\Module->runAction('', Array)
#1 C:\xampp\htdocs\Yii\advanced\webDB\vendor\yiisoft\yii2\base\Application.php(384): yii\web\Application->handleRequest(Object(yii\web\Request))
#2 C:\xampp\htdocs\Yii\advanced\webDB\frontend\web\index.php(18): yii\base\Application->run()
#3 {main}

Next yii\web\NotFoundHttpException: Page not found. in C:\xampp\htdocs\Yii\advanced\webDB\vendor\yiisoft\yii2\web\Application.php:115
Stack trace:
#0 C:\xampp\htdocs\Yii\advanced\webDB\vendor\yiisoft\yii2\base\Application.php(384): yii\web\Application->handleRequest(Object(yii\web\Request))
#1 C:\xampp\htdocs\Yii\advanced\webDB\frontend\web\index.php(18): yii\base\Application->run()
#2 {main}
2023-02-11 05:28:17 [::1][111111111111111111][3qopb4nvthhi0akn5c1avteu1d][info][application] $_GET = []

$_POST = []

$_FILES = []

$_COOKIE = [
    'Pycharm-a1a598e2' => '7cdbba08-9ef7-4e18-a9af-25f24e5a2543'
    'advanced-backend' => '9hlj15bjs3re09ogqlfrdd6hm2'
    '_identity-backend' => 'd621f4415d01acd6d940afb23eae19c09929c04e29a810fd6ed34615d4fe20c3a:2:{i:0;s:17:\"_identity-backend\";i:1;s:65:\"[\"111111111111111111\",\"iSec6PpJhVhFRlGPK6LI9D_ybuu9Iq0q\",2592000]\";}'
    '_csrf-backend' => '6ca955776715803db9fb04151818aed79df37ce68f53f69bfe2f1b2825f7c657a:2:{i:0;s:13:\"_csrf-backend\";i:1;s:32:\"EtqNemKxLPfJBD-v65EnAWssDfIJ0xx3\";}'
    'advanced-frontend' => '3qopb4nvthhi0akn5c1avteu1d'
    '_identity-frontend' => '12121c34548aca4609bb9225395af3bd2772715a9c4956f4e52a09d25f365390a:2:{i:0;s:18:\"_identity-frontend\";i:1;s:65:\"[\"111111111111111111\",\"ZrixnRczXTU1yk7UpnNAMMR5y_UncUAc\",2592000]\";}'
    '_csrf-frontend' => 'e62a7840bec83280abc97789e0b758962df5ab59417fb876c56145b85d14aa1ba:2:{i:0;s:14:\"_csrf-frontend\";i:1;s:32:\"WWbGU72T2RN5IGr1rSxHazF3hc0OiOjb\";}'
]

$_SESSION = [
    '__flash' => []
    '__id' => '111111111111111111'
    '__authKey' => 'ZrixnRczXTU1yk7UpnNAMMR5y_UncUAc'
]

$_SERVER = [
    'MIBDIRS' => 'C:/xampp/php/extras/mibs'
    'MYSQL_HOME' => '\\xampp\\mysql\\bin'
    'OPENSSL_CONF' => 'C:/xampp/apache/bin/openssl.cnf'
    'PHP_PEAR_SYSCONF_DIR' => '\\xampp\\php'
    'PHPRC' => '\\xampp\\php'
    'TMP' => '\\xampp\\tmp'
    'HTTP_HOST' => 'localhost:8090'
    'HTTP_CONNECTION' => 'keep-alive'
    'HTTP_CACHE_CONTROL' => 'max-age=0'
    'HTTP_UPGRADE_INSECURE_REQUESTS' => '1'
    'HTTP_USER_AGENT' => 'Mozilla/5.0 (Windows NT 10.0; Win64; x64) AppleWebKit/537.36 (KHTML, like Gecko) Chrome/108.0.0.0 Safari/537.36'
    'HTTP_ACCEPT' => 'text/html,application/xhtml+xml,application/xml;q=0.9,image/avif,image/webp,image/apng,*/*;q=0.8,application/signed-exchange;v=b3;q=0.9'
    'HTTP_SEC_FETCH_SITE' => 'same-origin'
    'HTTP_SEC_FETCH_MODE' => 'navigate'
    'HTTP_SEC_FETCH_USER' => '?1'
    'HTTP_SEC_FETCH_DEST' => 'document'
    'HTTP_SEC_CH_UA' => '\"Not?A_Brand\";v=\"8\", \"Chromium\";v=\"108\", \"Google Chrome\";v=\"108\"'
    'HTTP_SEC_CH_UA_MOBILE' => '?0'
    'HTTP_SEC_CH_UA_PLATFORM' => '\"Windows\"'
    'HTTP_REFERER' => 'http://localhost:8090/advanced/webDB/frontend/web/index.php?r=site%2Flogin'
    'HTTP_ACCEPT_ENCODING' => 'gzip, deflate, br'
    'HTTP_ACCEPT_LANGUAGE' => 'zh-CN,zh;q=0.9'
    'HTTP_COOKIE' => 'Pycharm-a1a598e2=7cdbba08-9ef7-4e18-a9af-25f24e5a2543; advanced-backend=9hlj15bjs3re09ogqlfrdd6hm2; _identity-backend=d621f4415d01acd6d940afb23eae19c09929c04e29a810fd6ed34615d4fe20c3a%3A2%3A%7Bi%3A0%3Bs%3A17%3A%22_identity-backend%22%3Bi%3A1%3Bs%3A65%3A%22%5B%22111111111111111111%22%2C%22iSec6PpJhVhFRlGPK6LI9D_ybuu9Iq0q%22%2C2592000%5D%22%3B%7D; _csrf-backend=6ca955776715803db9fb04151818aed79df37ce68f53f69bfe2f1b2825f7c657a%3A2%3A%7Bi%3A0%3Bs%3A13%3A%22_csrf-backend%22%3Bi%3A1%3Bs%3A32%3A%22EtqNemKxLPfJBD-v65EnAWssDfIJ0xx3%22%3B%7D; advanced-frontend=3qopb4nvthhi0akn5c1avteu1d; _identity-frontend=12121c34548aca4609bb9225395af3bd2772715a9c4956f4e52a09d25f365390a%3A2%3A%7Bi%3A0%3Bs%3A18%3A%22_identity-frontend%22%3Bi%3A1%3Bs%3A65%3A%22%5B%22111111111111111111%22%2C%22ZrixnRczXTU1yk7UpnNAMMR5y_UncUAc%22%2C2592000%5D%22%3B%7D; _csrf-frontend=e62a7840bec83280abc97789e0b758962df5ab59417fb876c56145b85d14aa1ba%3A2%3A%7Bi%3A0%3Bs%3A14%3A%22_csrf-frontend%22%3Bi%3A1%3Bs%3A32%3A%22WWbGU72T2RN5IGr1rSxHazF3hc0OiOjb%22%3B%7D'
    'PATH' => 'E:\\Anaconda_;E:\\Anaconda_\\Library\\mingw-w64\\bin;E:\\Anaconda_\\Library\\usr\\bin;E:\\Anaconda_\\Library\\bin;E:\\Anaconda_\\Scripts;C:\\Program Files\\Microsoft MPI\\Bin\\;E:\\NKU\\tools\\apache-maven-3.6.1\\bin;E:\\NKU\\data\\hadoop\\windows\\hadoop-3.1.0\\bin;D:\\java\\jdk1.8\\bin;D:\\java\\jdk1.8-jre\\bin;D:\\TDM-GCC-64\\TDM-GCC-64\\bin;D:\\TDM-GCC\\bin;C:\\Strawberry\\perl\\site\\bin;C:\\Strawberry\\perl\\bin;C:\\Strawberry\\c\\bin;C:\\Program Files (x86)\\VMware\\VMware Workstation\\bin\\;C:\\Program Files\\Common Files\\Oracle\\Java\\javapath;C:\\Program Files (x86)\\Common Files\\Oracle\\Java\\javapath;C:\\Program Files\\NVIDIA GPU Computing Toolkit\\CUDA\\v11.5\\bin;C:\\Program Files\\NVIDIA GPU Computing Toolkit\\CUDA\\v11.5\\libnvvp;C:\\Windows\\system32;C:\\Windows;C:\\Windows\\System32\\Wbem;C:\\Windows\\System32\\WindowsPowerShell\\v1.0\\;C:\\Windows\\System32\\OpenSSH\\;C:\\Program Files (x86)\\NVIDIA Corporation\\PhysX\\Common;C:\\Program Files\\NVIDIA Corporation\\NVIDIA NvDLISR;D:\\Program Files\\MATLAB\\R2016b\\runtime\\win64;D:\\Program Files\\MATLAB\\R2016b\\bin;D:\\Program Files\\MATLAB\\R2016b\\polyspace\\bin;C:\\WINDOWS\\system32;C:\\WINDOWS;C:\\WINDOWS\\System32\\Wbem;C:\\WINDOWS\\System32\\WindowsPowerShell\\v1.0\\;C:\\WINDOWS\\System32\\OpenSSH\\;D:\\anaconda;D:\\anaconda\\Scripts;D:\\anaconda\\Library\\bin;D:\\anaconda\\Library\\mingw-w64\\bin;D:\\Python;C:\\Program Files\\NVIDIA Corporation\\Nsight Compute 2021.3.0\\;C:\\Program Files (x86)\\NetSarang\\Xshell 7\\;C:\\Program Files\\Git\\cmd;D:\\java\\bin;C:\\Program Files (x86)\\ZeroTier\\One\\;C:\\xampp\\php;C:\\composer;C:\\Program Files\\MySQL\\MySQL Shell 8.0\\bin\\;C:\\Users\\dingyanfeng\\AppData\\Local\\Microsoft\\WindowsApps;;D:\\VScode\\Microsoft VS Code\\bin;D:\\pycharm\\PyCharm Community Edition 2021.2.2\\bin;;C:\\Users\\dingyanfeng\\AppData\\Roaming\\Composer\\vendor\\bin'
    'SystemRoot' => 'C:\\WINDOWS'
    'COMSPEC' => 'C:\\WINDOWS\\system32\\cmd.exe'
    'PATHEXT' => '.COM;.EXE;.BAT;.CMD;.VBS;.VBE;.JS;.JSE;.WSF;.WSH;.MSC'
    'WINDIR' => 'C:\\WINDOWS'
    'SERVER_SIGNATURE' => '<address>Apache/2.4.54 (Win64) OpenSSL/1.1.1p PHP/8.1.12 Server at localhost Port 8090</address>
'
    'SERVER_SOFTWARE' => 'Apache/2.4.54 (Win64) OpenSSL/1.1.1p PHP/8.1.12'
    'SERVER_NAME' => 'localhost'
    'SERVER_ADDR' => '::1'
    'SERVER_PORT' => '8090'
    'REMOTE_ADDR' => '::1'
    'DOCUMENT_ROOT' => 'C:/xampp/htdocs/Yii'
    'REQUEST_SCHEME' => 'http'
    'CONTEXT_PREFIX' => ''
    'CONTEXT_DOCUMENT_ROOT' => 'C:/xampp/htdocs/Yii'
    'SERVER_ADMIN' => 'postmaster@localhost'
    'SCRIPT_FILENAME' => 'C:/xampp/htdocs/Yii/advanced/webDB/frontend/web/index.php'
    'REMOTE_PORT' => '49969'
    'GATEWAY_INTERFACE' => 'CGI/1.1'
    'SERVER_PROTOCOL' => 'HTTP/1.1'
    'REQUEST_METHOD' => 'GET'
    'QUERY_STRING' => ''
    'REQUEST_URI' => '/advanced/webDB/frontend/web/index.php'
    'SCRIPT_NAME' => '/advanced/webDB/frontend/web/index.php'
    'PHP_SELF' => '/advanced/webDB/frontend/web/index.php'
    'REQUEST_TIME_FLOAT' => 1676089697.7175
    'REQUEST_TIME' => 1676089697
]
